\BOOKMARK [0][-]{chapter.1}{\376\377\000E\000i\000n\000f\000\374\000h\000r\000u\000n\000g}{}% 1
\BOOKMARK [1][-]{section.1.1}{\376\377\000D\000e\000r\000\040\000B\000e\000g\000r\000i\000f\000f\000\040\000I\000n\000f\000o\000r\000m\000a\000t\000i\000k}{chapter.1}% 2
\BOOKMARK [2][-]{subsection.1.1.1}{\376\377\000I\000n\000f\000o\000r\000m\000a\000t\000i\000o\000n}{section.1.1}% 3
\BOOKMARK [2][-]{subsection.1.1.2}{\376\377\000A\000u\000t\000o\000m\000a\000t\000i\000k}{section.1.1}% 4
\BOOKMARK [1][-]{section.1.2}{\376\377\000B\000e\000d\000e\000u\000t\000u\000n\000g\000\040\000d\000e\000r\000\040\000I\000n\000f\000o\000r\000m\000a\000t\000i\000k}{chapter.1}% 5
\BOOKMARK [1][-]{section.1.3}{\376\377\000W\000a\000s\000\040\000t\000u\000n\000\040\000e\000i\000g\000e\000n\000t\000l\000i\000c\000h\000\040\000C\000o\000m\000p\000u\000t\000e\000r\000?}{chapter.1}% 6
\BOOKMARK [2][-]{subsection.1.3.1}{\376\377\000V\000o\000n\000\040\000I\000n\000f\000o\000r\000m\000a\000t\000i\000o\000n\000\040\000z\000u\000\040\000D\000a\000t\000e\000n\000:\000\040\000R\000e\000p\000r\000\344\000s\000e\000n\000t\000a\000t\000i\000o\000n}{section.1.3}% 7
\BOOKMARK [2][-]{subsection.1.3.2}{\376\377\000V\000o\000n\000\040\000D\000a\000t\000e\000n\000\040\000z\000u\000\040\000I\000n\000f\000o\000r\000m\000a\000t\000i\000o\000n\000:\000\040\000A\000b\000s\000t\000r\000a\000k\000t\000i\000o\000n}{section.1.3}% 8
\BOOKMARK [1][-]{section.1.4}{\376\377\000B\000i\000t\000s\000\040\000u\000n\000d\000\040\000B\000y\000t\000e\000s}{chapter.1}% 9
\BOOKMARK [2][-]{subsection.1.4.1}{\376\377\000W\000e\000r\000\040\000b\000e\000s\000t\000i\000m\000m\000t\000\040\000d\000i\000e\000\040\000L\000e\000s\000e\000g\000r\000u\000p\000p\000e\000n\000?}{section.1.4}% 10
\BOOKMARK [1][-]{section.1.5}{\376\377\000G\000r\000\366\000\337\000e\000\040\000d\000e\000r\000\040\000D\000a\000t\000e\000n}{chapter.1}% 11
\BOOKMARK [1][-]{section.1.6}{\376\377\000T\000e\000x\000t\000d\000a\000r\000s\000t\000e\000l\000l\000u\000n\000g}{chapter.1}% 12
\BOOKMARK [0][-]{chapter.2}{\376\377\000Z\000a\000h\000l\000e\000n\000s\000y\000s\000t\000e\000m\000e}{}% 13
\BOOKMARK [1][-]{section.2.1}{\376\377\000W\000a\000s\000\040\000i\000s\000t\000\040\000e\000i\000n\000\040\000Z\000a\000h\000l\000e\000n\000s\000y\000s\000t\000e\000m\000?}{chapter.2}% 14
\BOOKMARK [1][-]{section.2.2}{\376\377\000D\000e\000z\000i\000m\000a\000l\000s\000y\000s\000t\000e\000m\000\040\000\050\000b\000=\0001\0000\000\051}{chapter.2}% 15
\BOOKMARK [1][-]{section.2.3}{\376\377\000A\000n\000d\000e\000r\000e\000\040\000Z\000a\000h\000l\000e\000n\000s\000y\000s\000t\000e\000m\000e\000\040\000i\000n\000\040\000d\000e\000r\000\040\000W\000e\000l\000t}{chapter.2}% 16
\BOOKMARK [1][-]{section.2.4}{\376\377\000B\000i\000n\000\344\000r\000,\000\040\000O\000k\000t\000a\000l\000,\000\040\000H\000e\000x\000a\000d\000e\000z\000i\000m\000a\000l\000\040\040\023\000\040\000w\000a\000r\000u\000m\000\040\000i\000n\000\040\000d\000e\000r\000\040\000I\000n\000f\000o\000r\000m\000a\000t\000i\000k\000?}{chapter.2}% 17
\BOOKMARK [1][-]{section.2.5}{\376\377\000U\000m\000r\000e\000c\000h\000n\000u\000n\000g\000e\000n\000\040\000z\000w\000i\000s\000c\000h\000e\000n\000\040\000B\000a\000s\000e\000n}{chapter.2}% 18
\BOOKMARK [1][-]{section.2.6}{\376\377\000B\000e\000i\000s\000p\000i\000e\000l\000e}{chapter.2}% 19
\BOOKMARK [1][-]{section.2.7}{\376\377\000D\000i\000e\000\040\000Z\000w\000e\000i\000e\000r\000k\000o\000m\000p\000l\000e\000m\000e\000n\000t\000d\000a\000r\000s\000t\000e\000l\000l\000u\000n\000g}{chapter.2}% 20
\BOOKMARK [2][-]{subsection.2.7.1}{\376\377\000W\000o\000r\000u\000m\000\040\000g\000e\000h\000t\000\040\000e\000s\000?}{section.2.7}% 21
\BOOKMARK [2][-]{subsection.2.7.2}{\376\377\000W\000a\000r\000u\000m\000\040\000v\000e\000r\000w\000e\000n\000d\000e\000t\000\040\000m\000a\000n\000\040\000d\000a\000s\000\040\000Z\000w\000e\000i\000e\000r\000k\000o\000m\000p\000l\000e\000m\000e\000n\000t\000?}{section.2.7}% 22
\BOOKMARK [2][-]{subsection.2.7.3}{\376\377\000S\000o\000\040\000b\000i\000l\000d\000e\000t\000\040\000m\000a\000n\000\040\000d\000a\000s\000\040\000Z\000w\000e\000i\000e\000r\000k\000o\000m\000p\000l\000e\000m\000e\000n\000t\000\040\000\050\000a\000u\000s\000\040\000e\000i\000n\000e\000r\000\040\000p\000o\000s\000i\000t\000i\000v\000e\000n\000\040\000Z\000a\000h\000l\000\040\000x\000\051}{section.2.7}% 23
\BOOKMARK [0][-]{chapter.3}{\376\377\000[\000T\000h\000e\000m\000a\000\040\0001\000]}{}% 24
\BOOKMARK [1][-]{section.3.1}{\376\377\000G\000r\000u\000n\000d\000l\000a\000g\000e\000n}{chapter.3}% 25
\BOOKMARK [0][-]{chapter.4}{\376\377\000[\000T\000h\000e\000m\000a\000\040\0002\000]}{}% 26
