This is LuaHBTeX, Version 1.18.0 (TeX Live 2024)  (format=lualatex 2024.12.31)  24 AUG 2025 16:20
 restricted system commands enabled.
**main.tex
(./main.tex
LaTeX2e <2024-11-01> patch level 1
L3 programming layer <2024-12-09>
Lua module: luaotfload 2024-02-14 v3.28 Lua based OpenType font support
Lua module: lualibs 2023-07-13 v2.76 ConTeXt Lua standard libraries.
Lua module: lualibs-extended 2023-07-13 v2.76 ConTeXt Lua libraries -- extended 
collection.
luaotfload | conf : Root cache directory is "/home/jerry/.texlive2024/texmf-var/
luatex-cache/generic/names".
luaotfload | init : Loading fontloader "fontloader-2023-12-28.lua" from kpse-res
olved path "/usr/local/texlive/2024/texmf-dist/tex/luatex/luaotfload/fontloader-
2023-12-28.lua".
Lua-only attribute luaotfload@noligature = 1
luaotfload | init : Context OpenType loader version 3.134
Inserting `luaotfload.node_processor' in `pre_linebreak_filter'.
Inserting `luaotfload.node_processor' in `hpack_filter'.
Inserting `luaotfload.glyph_stream' in `glyph_stream_provider'.
Inserting `luaotfload.define_font' in `define_font'.
Lua-only attribute luaotfload_color_attribute = 2
luaotfload | conf : Root cache directory is "/home/jerry/.texlive2024/texmf-var/
luatex-cache/generic/names".
Inserting `luaotfload.harf.strip_prefix' in `find_opentype_file'.
Inserting `luaotfload.harf.strip_prefix' in `find_truetype_file'.
Removing  `luaotfload.glyph_stream' from `glyph_stream_provider'.
Inserting `luaotfload.harf.glyphstream' in `glyph_stream_provider'.
Inserting `luaotfload.harf.finalize_vlist' in `post_linebreak_filter'.
Inserting `luaotfload.harf.finalize_hlist' in `hpack_filter'.
Inserting `luaotfload.cleanup_files' in `wrapup_run'.
Inserting `luaotfload.harf.finalize_unicode' in `finish_pdffile'.
Inserting `luaotfload.glyphinfo' in `glyph_info'.
Lua-only attribute luaotfload.letterspace_done = 3
Inserting `luaotfload.aux.set_sscale_dimens' in `luaotfload.patch_font'.
Inserting `luaotfload.aux.set_font_index' in `luaotfload.patch_font'.
Inserting `luaotfload.aux.patch_cambria_domh' in `luaotfload.patch_font'.
Inserting `luaotfload.aux.fixup_fontdata' in `luaotfload.patch_font_unsafe'.
Inserting `luaotfload.aux.set_capheight' in `luaotfload.patch_font'.
Inserting `luaotfload.aux.set_xheight' in `luaotfload.patch_font'.
Inserting `luaotfload.rewrite_fontname' in `luaotfload.patch_font'.
Inserting `tracingstacklevels' in `input_level_string'. (/usr/local/texlive/202
4/texmf-dist/tex/latex/base/book.cls
Document Class: book 2024/06/29 v1.4n Standard LaTeX document class
(/usr/local/texlive/2024/texmf-dist/tex/latex/base/bk12.clo
File: bk12.clo 2024/06/29 v1.4n Standard LaTeX file (size option)
luaotfload | db : Font names database loaded from /home/jerry/.texlive2024/texmf
-var/luatex-cache/generic/names/luaotfload-names.luc.gz)
\c@part=\count194
\c@chapter=\count195
\c@section=\count196
\c@subsection=\count197
\c@subsubsection=\count198
\c@paragraph=\count199
\c@subparagraph=\count266
\c@figure=\count267
\c@table=\count268
\abovecaptionskip=\skip49
\belowcaptionskip=\skip50
\bibindent=\dimen140
)
(/usr/local/texlive/2024/texmf-dist/tex/latex/fontspec/fontspec.sty
(/usr/local/texlive/2024/texmf-dist/tex/latex/l3packages/xparse/xparse.sty
(/usr/local/texlive/2024/texmf-dist/tex/latex/l3kernel/expl3.sty
Package: expl3 2024-12-09 L3 programming layer (loader) 

(/usr/local/texlive/2024/texmf-dist/tex/latex/l3backend/l3backend-luatex.def
File: l3backend-luatex.def 2024-05-08 L3 backend support: PDF output (LuaTeX)
\l__color_backend_stack_int=\count269
Inserting `l3color' in `luaotfload.parse_color'.
\l__pdf_internal_box=\box52
))
Package: xparse 2024-08-16 L3 Experimental document command parser
)
Package: fontspec 2024/05/11 v2.9e Font selection for XeLaTeX and LuaLaTeX
Lua module: fontspec 2024/05/11 v2.9e Font selection for XeLaTeX and LuaLaTeX (/usr/local/texlive/2024/texmf-dist/tex/latex/fontspec/fontspec-luatex.sty
Package: fontspec-luatex 2024/05/11 v2.9e Font selection for XeLaTeX and LuaLaT
eX
\l__fontspec_script_int=\count270
\l__fontspec_language_int=\count271
\l__fontspec_strnum_int=\count272
\l__fontspec_tmp_int=\count273
\l__fontspec_tmpa_int=\count274
\l__fontspec_tmpb_int=\count275
\l__fontspec_tmpc_int=\count276
\l__fontspec_em_int=\count277
\l__fontspec_emdef_int=\count278
\l__fontspec_strong_int=\count279
\l__fontspec_strongdef_int=\count280
\l__fontspec_tmpa_dim=\dimen141
\l__fontspec_tmpb_dim=\dimen142
\l__fontspec_tmpc_dim=\dimen143

(/usr/local/texlive/2024/texmf-dist/tex/latex/base/fontenc.sty
Package: fontenc 2021/04/29 v2.0v Standard LaTeX package
)
(/usr/local/texlive/2024/texmf-dist/tex/latex/fontspec/fontspec.cfg)))
(/usr/local/texlive/2024/texmf-dist/tex/generic/babel/babel.sty
Package: babel 2024/12/21 v24.15 The multilingual framework for pdfLaTeX, LuaLa
TeX and XeLaTeX

(/usr/local/texlive/2024/texmf-dist/tex/generic/babel/luababel.def
\bbl@readstream=\read2
\l@dumylang=\language2
Package babel Info: Non-standard hyphenation setup on input line 118.
\l@nohyphenation=\language3
\l@vietnamese=\language4
\l@hebrew=\language5
\l@german-x-2024-02-28=\language6
\l@ngerman-x-2024-02-28=\language7
\l@afrikaans=\language8
\l@ancientgreek=\language9
\l@ibycus=\language10
\l@arabic=\language11
\l@armenian=\language12
\l@basque=\language13
\l@belarusian=\language14
\l@bulgarian=\language15
\l@catalan=\language16
\l@pinyin=\language17
\l@churchslavonic=\language18
\l@coptic=\language19
\l@croatian=\language20
\l@czech=\language21
\l@danish=\language22
\l@dutch=\language23
\l@ukenglish=\language24
\l@usenglishmax=\language25
\l@esperanto=\language26
\l@estonian=\language27
\l@ethiopic=\language28
\l@farsi=\language29
\l@finnish=\language30
\l@schoolfinnish=\language31
\l@french=\language32
\l@friulan=\language33
\l@galician=\language34
\l@georgian=\language35
\l@german=\language36
\l@ngerman=\language37
\l@swissgerman=\language38
\l@greek=\language39
\l@monogreek=\language40
\l@hungarian=\language41
\l@icelandic=\language42
\l@assamese=\language43
\l@bengali=\language44
\l@gujarati=\language45
\l@hindi=\language46
\l@kannada=\language47
\l@malayalam=\language48
\l@marathi=\language49
\l@oriya=\language50
\l@pali=\language51
\l@panjabi=\language52
\l@tamil=\language53
\l@telugu=\language54
\l@indonesian=\language55
\l@interlingua=\language56
\l@irish=\language57
\l@italian=\language58
\l@kurmanji=\language59
\l@classiclatin=\language60
\l@latin=\language61
\l@liturgicallatin=\language62
\l@latvian=\language63
\l@lithuanian=\language64
\l@macedonian=\language65
\l@mongolian=\language66
\l@mongolianlmc=\language67
\l@bokmal=\language68
\l@nynorsk=\language69
\l@occitan=\language70
\l@piedmontese=\language71
\l@polish=\language72
\l@portuguese=\language73
\l@romanian=\language74
\l@romansh=\language75
\l@russian=\language76
\l@sanskrit=\language77
\l@serbian=\language78
\l@serbianc=\language79
\l@slovak=\language80
\l@slovenian=\language81
\l@spanish=\language82
\l@swedish=\language83
\l@thai=\language84
\l@turkish=\language85
\l@turkmen=\language86
\l@ukrainian=\language87
\l@uppersorbian=\language88
\l@welsh=\language89
\babelcatcodetablenum=\catcodetable14
\bbl@pattcodes=\catcodetable15
)
\babel@savecnt=\count281
\U@D=\dimen144
\l@unhyphenated=\language90

(/usr/local/texlive/2024/texmf-dist/tex/generic/babel/luababel.def
\bbl@attr@locale=\attribute4
)
(/usr/local/texlive/2024/texmf-dist/tex/generic/babel-german/ngerman.ldf
Language: ngerman 2024/12/10 v2.15 German support for babel (post-1996 orthogra
phy)

(/usr/local/texlive/2024/texmf-dist/tex/generic/babel-german/ngermanb.ldf
Language: ngermanb 2024/12/10 v2.15 German support for babel (post-1996 orthogr
aphy)
Package babel Info: Making " an active character on input line 122.

(/usr/local/texlive/2024/texmf-dist/tex/generic/hyph-utf8/loadhyph/loadhyph-de-
1996.tex UTF-8 German hyphenation patterns (reformed orthography)
(/usr/local/texlive/2024/texmf-dist/tex/generic/hyph-utf8/patterns/tex/hyph-de-
1996.tex
German Hyphenation Patterns (Reformed Orthography, 2006) `dehyphn-x' 2021-02-26
 (WL))))))
(/usr/local/texlive/2024/texmf-dist/tex/generic/babel/locale/de/babel-ngerman.t
ex
Package babel Info: Importing font and identification data for ngerman
(babel)             from babel-de.ini. Reported on input line 11.
) (/usr/local/texlive/2024/texmf-dist/tex/latex/amsmath/amsmath.sty
Package: amsmath 2024/11/05 v2.17t AMS math features
\@mathmargin=\skip51

For additional information on amsmath, use the `?' option.
(/usr/local/texlive/2024/texmf-dist/tex/latex/amsmath/amstext.sty
Package: amstext 2021/08/26 v2.01 AMS text

(/usr/local/texlive/2024/texmf-dist/tex/latex/amsmath/amsgen.sty
File: amsgen.sty 1999/11/30 v2.0 generic functions
\@emptytoks=\toks17
\ex@=\dimen145
))
(/usr/local/texlive/2024/texmf-dist/tex/latex/amsmath/amsbsy.sty
Package: amsbsy 1999/11/29 v1.2d Bold Symbols
\pmbraise@=\dimen146
)
(/usr/local/texlive/2024/texmf-dist/tex/latex/amsmath/amsopn.sty
Package: amsopn 2022/04/08 v2.04 operator names
)
\inf@bad=\count282
LaTeX Info: Redefining \frac on input line 235.
\uproot@=\count283
\leftroot@=\count284
LaTeX Info: Redefining \overline on input line 398.
LaTeX Info: Redefining \colon on input line 409.
\classnum@=\count285
\DOTSCASE@=\count286
LaTeX Info: Redefining \ldots on input line 495.
LaTeX Info: Redefining \dots on input line 498.
LaTeX Info: Redefining \cdots on input line 619.
\Mathstrutbox@=\box53
\strutbox@=\box54
LaTeX Info: Redefining \big on input line 721.
LaTeX Info: Redefining \Big on input line 722.
LaTeX Info: Redefining \bigg on input line 723.
LaTeX Info: Redefining \Bigg on input line 724.
\big@size=\dimen147
LaTeX Font Info:    Redeclaring font encoding OML on input line 742.
LaTeX Font Info:    Redeclaring font encoding OMS on input line 743.
\macc@depth=\count287
LaTeX Info: Redefining \bmod on input line 904.
LaTeX Info: Redefining \pmod on input line 909.
LaTeX Info: Redefining \smash on input line 939.
LaTeX Info: Redefining \relbar on input line 969.
LaTeX Info: Redefining \Relbar on input line 970.
\c@MaxMatrixCols=\count288
\dotsspace@=\muskip17
\c@parentequation=\count289
\dspbrk@lvl=\count290
\tag@help=\toks18
\row@=\count291
\column@=\count292
\maxfields@=\count293
\andhelp@=\toks19
\eqnshift@=\dimen148
\alignsep@=\dimen149
\tagshift@=\dimen150
\tagwidth@=\dimen151
\totwidth@=\dimen152
\lineht@=\dimen153
\@envbody=\toks20
\multlinegap=\skip52
\multlinetaggap=\skip53
\mathdisplay@stack=\toks21
LaTeX Info: Redefining \[ on input line 2953.
LaTeX Info: Redefining \] on input line 2954.
)
(/usr/local/texlive/2024/texmf-dist/tex/latex/amsfonts/amssymb.sty
Package: amssymb 2013/01/14 v3.01 AMS font symbols

(/usr/local/texlive/2024/texmf-dist/tex/latex/amsfonts/amsfonts.sty
Package: amsfonts 2013/01/14 v3.01 Basic AMSFonts support
\symAMSa=\mathgroup4
\symAMSb=\mathgroup5
LaTeX Font Info:    Redeclaring math symbol \hbar on input line 98.
LaTeX Font Info:    Overwriting math alphabet `\mathfrak' in version `bold'
(Font)                  U/euf/m/n --> U/euf/b/n on input line 106.
))
(/usr/local/texlive/2024/texmf-dist/tex/latex/graphics/graphicx.sty
Package: graphicx 2021/09/16 v1.2d Enhanced LaTeX Graphics (DPC,SPQR)

(/usr/local/texlive/2024/texmf-dist/tex/latex/graphics/keyval.sty
Package: keyval 2022/05/29 v1.15 key=value parser (DPC)
\KV@toks@=\toks22
)
(/usr/local/texlive/2024/texmf-dist/tex/latex/graphics/graphics.sty
Package: graphics 2024/08/06 v1.4g Standard LaTeX Graphics (DPC,SPQR)

(/usr/local/texlive/2024/texmf-dist/tex/latex/graphics/trig.sty
Package: trig 2023/12/02 v1.11 sin cos tan (DPC)
)
(/usr/local/texlive/2024/texmf-dist/tex/latex/graphics-cfg/graphics.cfg
File: graphics.cfg 2016/06/04 v1.11 sample graphics configuration
)
Package graphics Info: Driver file: luatex.def on input line 106.

(/usr/local/texlive/2024/texmf-dist/tex/latex/graphics-def/luatex.def
File: luatex.def 2024/04/13 v1.2e Graphics/color driver for luatex
))
\Gin@req@height=\dimen154
\Gin@req@width=\dimen155
)
(/usr/local/texlive/2024/texmf-dist/tex/latex/listings/listings.sty
\lst@mode=\count294
\lst@gtempboxa=\box55
\lst@token=\toks23
\lst@length=\count295
\lst@currlwidth=\dimen156
\lst@column=\count296
\lst@pos=\count297
\lst@lostspace=\dimen157
\lst@width=\dimen158
\lst@newlines=\count298
\lst@lineno=\count299
\lst@maxwidth=\dimen159

(/usr/local/texlive/2024/texmf-dist/tex/latex/listings/lstpatch.sty
File: lstpatch.sty 2024/09/23 1.10c (Carsten Heinz)
)
(/usr/local/texlive/2024/texmf-dist/tex/latex/listings/lstmisc.sty
File: lstmisc.sty 2024/09/23 1.10c (Carsten Heinz)
\c@lstnumber=\count300
\lst@skipnumbers=\count301
\lst@framebox=\box56
)
(/usr/local/texlive/2024/texmf-dist/tex/latex/listings/listings.cfg
File: listings.cfg 2024/09/23 1.10c listings configuration
))
Package: listings 2024/09/23 1.10c (Carsten Heinz)

(/usr/local/texlive/2024/texmf-dist/tex/latex/xcolor/xcolor.sty
Package: xcolor 2024/09/29 v3.02 LaTeX color extensions (UK)

(/usr/local/texlive/2024/texmf-dist/tex/latex/graphics-cfg/color.cfg
File: color.cfg 2016/01/02 v1.6 sample color configuration
)
Package xcolor Info: Driver file: luatex.def on input line 274.

(/usr/local/texlive/2024/texmf-dist/tex/latex/graphics/mathcolor.ltx)
Package xcolor Info: Model `cmy' substituted by `cmy0' on input line 1349.
Package xcolor Info: Model `hsb' substituted by `rgb' on input line 1353.
Package xcolor Info: Model `RGB' extended on input line 1365.
Package xcolor Info: Model `HTML' substituted by `rgb' on input line 1367.
Package xcolor Info: Model `Hsb' substituted by `hsb' on input line 1368.
Package xcolor Info: Model `tHsb' substituted by `hsb' on input line 1369.
Package xcolor Info: Model `HSB' substituted by `hsb' on input line 1370.
Package xcolor Info: Model `Gray' substituted by `gray' on input line 1371.
Package xcolor Info: Model `wave' substituted by `hsb' on input line 1372.
)
(/usr/local/texlive/2024/texmf-dist/tex/latex/hyperref/hyperref.sty
Package: hyperref 2024-11-05 v7.01l Hypertext links for LaTeX

(/usr/local/texlive/2024/texmf-dist/tex/generic/iftex/iftex.sty
Package: iftex 2024/12/12 v1.0g TeX engine tests
)
(/usr/local/texlive/2024/texmf-dist/tex/latex/kvsetkeys/kvsetkeys.sty
Package: kvsetkeys 2022-10-05 v1.19 Key value parser (HO)
)
(/usr/local/texlive/2024/texmf-dist/tex/generic/kvdefinekeys/kvdefinekeys.sty
Package: kvdefinekeys 2019-12-19 v1.6 Define keys (HO)
)
(/usr/local/texlive/2024/texmf-dist/tex/generic/pdfescape/pdfescape.sty
Package: pdfescape 2019/12/09 v1.15 Implements pdfTeX's escape features (HO)

(/usr/local/texlive/2024/texmf-dist/tex/generic/ltxcmds/ltxcmds.sty
Package: ltxcmds 2023-12-04 v1.26 LaTeX kernel commands for general use (HO)
)
(/usr/local/texlive/2024/texmf-dist/tex/generic/pdftexcmds/pdftexcmds.sty
Package: pdftexcmds 2020-06-27 v0.33 Utility functions of pdfTeX for LuaTeX (HO
)

(/usr/local/texlive/2024/texmf-dist/tex/generic/infwarerr/infwarerr.sty
Package: infwarerr 2019/12/03 v1.5 Providing info/warning/error messages (HO)
)
Package pdftexcmds Info: \pdf@primitive is available.
Package pdftexcmds Info: \pdf@ifprimitive is available.
Package pdftexcmds Info: \pdfdraftmode found.
\pdftexcmds@toks=\toks24
))
(/usr/local/texlive/2024/texmf-dist/tex/latex/hycolor/hycolor.sty
Package: hycolor 2020-01-27 v1.10 Color options for hyperref/bookmark (HO)
)
(/usr/local/texlive/2024/texmf-dist/tex/latex/hyperref/nameref.sty
Package: nameref 2023-11-26 v2.56 Cross-referencing by name of section

(/usr/local/texlive/2024/texmf-dist/tex/latex/refcount/refcount.sty
Package: refcount 2019/12/15 v3.6 Data extraction from label references (HO)
)
(/usr/local/texlive/2024/texmf-dist/tex/generic/gettitlestring/gettitlestring.s
ty
Package: gettitlestring 2019/12/15 v1.6 Cleanup title references (HO)
 (/usr/local/texlive/2024/texmf-dist/tex/latex/kvoptions/kvoptions.sty
Package: kvoptions 2022-06-15 v3.15 Key value format for package options (HO)
))
\c@section@level=\count302
)
(/usr/local/texlive/2024/texmf-dist/tex/latex/etoolbox/etoolbox.sty
Package: etoolbox 2020/10/05 v2.5k e-TeX tools for LaTeX (JAW)
\etb@tempcnta=\count303
)
(/usr/local/texlive/2024/texmf-dist/tex/generic/stringenc/stringenc.sty
Package: stringenc 2019/11/29 v1.12 Convert strings between diff. encodings (HO
)
)
\@linkdim=\dimen160
\Hy@linkcounter=\count304
\Hy@pagecounter=\count305

(/usr/local/texlive/2024/texmf-dist/tex/latex/hyperref/pd1enc.def
File: pd1enc.def 2024-11-05 v7.01l Hyperref: PDFDocEncoding definition (HO)
)
(/usr/local/texlive/2024/texmf-dist/tex/generic/intcalc/intcalc.sty
Package: intcalc 2019/12/15 v1.3 Expandable calculations with integers (HO)
)
\Hy@SavedSpaceFactor=\count306

(/usr/local/texlive/2024/texmf-dist/tex/latex/hyperref/puenc.def
File: puenc.def 2024-11-05 v7.01l Hyperref: PDF Unicode definition (HO)
)
Package hyperref Info: Hyper figures OFF on input line 4157.
Package hyperref Info: Link nesting OFF on input line 4162.
Package hyperref Info: Hyper index ON on input line 4165.
Package hyperref Info: Plain pages OFF on input line 4172.
Package hyperref Info: Backreferencing OFF on input line 4177.
Package hyperref Info: Implicit mode ON; LaTeX internals redefined.
Package hyperref Info: Bookmarks ON on input line 4424.
\c@Hy@tempcnt=\count307

(/usr/local/texlive/2024/texmf-dist/tex/latex/url/url.sty
\Urlmuskip=\muskip18
Package: url 2013/09/16  ver 3.4  Verb mode for urls, etc.
)
LaTeX Info: Redefining \url on input line 4763.
\XeTeXLinkMargin=\dimen161

(/usr/local/texlive/2024/texmf-dist/tex/generic/bitset/bitset.sty
Package: bitset 2019/12/09 v1.3 Handle bit-vector datatype (HO)

(/usr/local/texlive/2024/texmf-dist/tex/generic/bigintcalc/bigintcalc.sty
Package: bigintcalc 2019/12/15 v1.5 Expandable calculations on big integers (HO
)
))
\Fld@menulength=\count308
\Field@Width=\dimen162
\Fld@charsize=\dimen163
Package hyperref Info: Hyper figures OFF on input line 6042.
Package hyperref Info: Link nesting OFF on input line 6047.
Package hyperref Info: Hyper index ON on input line 6050.
Package hyperref Info: backreferencing OFF on input line 6057.
Package hyperref Info: Link coloring OFF on input line 6062.
Package hyperref Info: Link coloring with OCG OFF on input line 6067.
Package hyperref Info: PDF/A mode OFF on input line 6072.

(/usr/local/texlive/2024/texmf-dist/tex/latex/base/atbegshi-ltx.sty
Package: atbegshi-ltx 2021/01/10 v1.0c Emulation of the original atbegshi
package with kernel methods
)
\Hy@abspage=\count309
\c@Item=\count310
\c@Hfootnote=\count311
)
Package hyperref Info: Driver (autodetected): hluatex.

(/usr/local/texlive/2024/texmf-dist/tex/latex/hyperref/hluatex.def
File: hluatex.def 2024-11-05 v7.01l Hyperref driver for luaTeX

(/usr/local/texlive/2024/texmf-dist/tex/latex/base/atveryend-ltx.sty
Package: atveryend-ltx 2020/08/19 v1.0a Emulation of the original atveryend pac
kage
with kernel methods
)
\Fld@listcount=\count312
\c@bookmark@seq@number=\count313

(/usr/local/texlive/2024/texmf-dist/tex/latex/rerunfilecheck/rerunfilecheck.sty
Package: rerunfilecheck 2022-07-10 v1.10 Rerun checks for auxiliary files (HO)

(/usr/local/texlive/2024/texmf-dist/tex/generic/uniquecounter/uniquecounter.sty
Package: uniquecounter 2019/12/15 v1.4 Provide unlimited unique counter (HO)
)
Package uniquecounter Info: New unique counter `rerunfilecheck' on input line 2
85.
)
\Hy@SectionHShift=\skip54
) (/usr/local/texlive/2024/texmf-dist/tex/latex/cleveref/cleveref.sty
Package: cleveref 2018/03/27 v0.21.4 Intelligent cross-referencing
Package cleveref Info: `hyperref' support loaded on input line 2370.
LaTeX Info: Redefining \cref on input line 2370.
LaTeX Info: Redefining \Cref on input line 2370.
LaTeX Info: Redefining \crefrange on input line 2370.
LaTeX Info: Redefining \Crefrange on input line 2370.
LaTeX Info: Redefining \cpageref on input line 2370.
LaTeX Info: Redefining \Cpageref on input line 2370.
LaTeX Info: Redefining \cpagerefrange on input line 2370.
LaTeX Info: Redefining \Cpagerefrange on input line 2370.
LaTeX Info: Redefining \labelcref on input line 2370.
LaTeX Info: Redefining \labelcpageref on input line 2370.
Package cleveref Info: `listings' support loaded on input line 3131.
Package cleveref Info: include cross-reference names in hyperlinks on input lin
e 7836.
Package cleveref Info: include cross-reference names in hyperlinks on input lin
e 7852.
Package cleveref Info: no abbreviation of names on input line 7852.
)
(/usr/local/texlive/2024/texmf-dist/tex/latex/enumitem/enumitem.sty
Package: enumitem 2019/06/20 v3.9 Customized lists
\labelindent=\skip55
\enit@outerparindent=\dimen164
\enit@toks=\toks25
\enit@inbox=\box57
\enit@count@id=\count314
\enitdp@description=\count315
)
(/usr/local/texlive/2024/texmf-dist/tex/latex/geometry/geometry.sty
Package: geometry 2020/01/02 v5.9 Page Geometry

(/usr/local/texlive/2024/texmf-dist/tex/generic/iftex/ifvtex.sty
Package: ifvtex 2019/10/25 v1.7 ifvtex legacy package. Use iftex instead.
)
\Gm@cnth=\count316
\Gm@cntv=\count317
\c@Gm@tempcnt=\count318
\Gm@bindingoffset=\dimen165
\Gm@wd@mp=\dimen166
\Gm@odd@mp=\dimen167
\Gm@even@mp=\dimen168
\Gm@layoutwidth=\dimen169
\Gm@layoutheight=\dimen170
\Gm@layouthoffset=\dimen171
\Gm@layoutvoffset=\dimen172
\Gm@dimlist=\toks26
)
(/usr/local/texlive/2024/texmf-dist/tex/latex/float/float.sty
Package: float 2001/11/08 v1.3d Float enhancements (AL)
\c@float@type=\count319
\float@exts=\toks27
\float@box=\box58
\@float@everytoks=\toks28
\@floatcapt=\box59
)
(/usr/local/texlive/2024/texmf-dist/tex/latex/subfiles/subfiles.sty
Package: subfiles 2020/11/14 v2.2 Multi-file projects (package)

(/usr/local/texlive/2024/texmf-dist/tex/latex/import/import.sty
Package: import 2020/04/01  v 6.2
))
(/usr/local/texlive/2024/texmf-dist/tex/latex/pdfpages/pdfpages.sty
Package: pdfpages 2024/10/28 v0.6c Insert pages of external PDF documents (AM)

(/usr/local/texlive/2024/texmf-dist/tex/latex/base/ifthen.sty
Package: ifthen 2024/03/16 v1.1e Standard LaTeX ifthen package (DPC)
)
(/usr/local/texlive/2024/texmf-dist/tex/latex/tools/calc.sty
Package: calc 2023/07/08 v4.3 Infix arithmetic (KKT,FJ)
\calc@Acount=\count320
\calc@Bcount=\count321
\calc@Adimen=\dimen173
\calc@Bdimen=\dimen174
\calc@Askip=\skip56
\calc@Bskip=\skip57
LaTeX Info: Redefining \setlength on input line 80.
LaTeX Info: Redefining \addtolength on input line 81.
\calc@Ccount=\count322
\calc@Cskip=\skip58
)
(/usr/local/texlive/2024/texmf-dist/tex/latex/eso-pic/eso-pic.sty
Package: eso-pic 2023/05/03 v3.0c eso-pic (RN)
\ESO@tempdima=\dimen175
\ESO@tempdimb=\dimen176
)
\AM@pagewidth=\dimen177
\AM@pageheight=\dimen178
\AM@fboxrule=\dimen179

(/usr/local/texlive/2024/texmf-dist/tex/latex/pdfpages/ppluatex.def
File: ppluatex.def 2024/10/28 v0.6c Pdfpages driver for LuaTeX (AM)
)
\pdfpages@includegraphics@status=\count323
\AM@pagebox=\box60
\AM@global@opts=\toks29
\AM@pagecnt=\count324
\AM@toc@title=\toks30
\AM@lof@heading=\toks31
\c@AM@survey=\count325
\AM@templatesizebox=\box61
)
(/usr/local/texlive/2024/texmf-dist/tex/generic/embedfile/embedfile.sty
Package: embedfile 2023-01-12 v2.12 Embed files into PDF (HO)
)
(/usr/local/texlive/2024/texmf-dist/tex/latex/pgf/frontendlayer/tikz.sty
(/usr/local/texlive/2024/texmf-dist/tex/latex/pgf/basiclayer/pgf.sty
(/usr/local/texlive/2024/texmf-dist/tex/latex/pgf/utilities/pgfrcs.sty
(/usr/local/texlive/2024/texmf-dist/tex/generic/pgf/utilities/pgfutil-common.te
x
\pgfutil@everybye=\toks32
\pgfutil@tempdima=\dimen180
\pgfutil@tempdimb=\dimen181
)
(/usr/local/texlive/2024/texmf-dist/tex/generic/pgf/utilities/pgfutil-latex.def
\pgfutil@abb=\box62
) (/usr/local/texlive/2024/texmf-dist/tex/generic/pgf/utilities/pgfrcs.code.tex
(/usr/local/texlive/2024/texmf-dist/tex/generic/pgf/pgf.revision.tex)
Package: pgfrcs 2023-01-15 v3.1.10 (3.1.10)
))
Package: pgf 2023-01-15 v3.1.10 (3.1.10)

(/usr/local/texlive/2024/texmf-dist/tex/latex/pgf/basiclayer/pgfcore.sty
(/usr/local/texlive/2024/texmf-dist/tex/latex/pgf/systemlayer/pgfsys.sty
(/usr/local/texlive/2024/texmf-dist/tex/generic/pgf/systemlayer/pgfsys.code.tex
Package: pgfsys 2023-01-15 v3.1.10 (3.1.10)
(/usr/local/texlive/2024/texmf-dist/tex/generic/pgf/utilities/pgfkeys.code.tex
\pgfkeys@pathtoks=\toks33
\pgfkeys@temptoks=\toks34

(/usr/local/texlive/2024/texmf-dist/tex/generic/pgf/utilities/pgfkeyslibraryfil
tered.code.tex
\pgfkeys@tmptoks=\toks35
))
\pgf@x=\dimen182
\pgf@y=\dimen183
\pgf@xa=\dimen184
\pgf@ya=\dimen185
\pgf@xb=\dimen186
\pgf@yb=\dimen187
\pgf@xc=\dimen188
\pgf@yc=\dimen189
\pgf@xd=\dimen190
\pgf@yd=\dimen191
\w@pgf@writea=\write3
\r@pgf@reada=\read3
\c@pgf@counta=\count326
\c@pgf@countb=\count327
\c@pgf@countc=\count328
\c@pgf@countd=\count329
\t@pgf@toka=\toks36
\t@pgf@tokb=\toks37
\t@pgf@tokc=\toks38
\pgf@sys@id@count=\count330

(/usr/local/texlive/2024/texmf-dist/tex/generic/pgf/systemlayer/pgf.cfg
File: pgf.cfg 2023-01-15 v3.1.10 (3.1.10)
)
Driver file for pgf: pgfsys-luatex.def

(/usr/local/texlive/2024/texmf-dist/tex/generic/pgf/systemlayer/pgfsys-luatex.d
ef
File: pgfsys-luatex.def 2023-01-15 v3.1.10 (3.1.10)

(/usr/local/texlive/2024/texmf-dist/tex/generic/pgf/systemlayer/pgfsys-common-p
df.def
File: pgfsys-common-pdf.def 2023-01-15 v3.1.10 (3.1.10)
)))
(/usr/local/texlive/2024/texmf-dist/tex/generic/pgf/systemlayer/pgfsyssoftpath.
code.tex
File: pgfsyssoftpath.code.tex 2023-01-15 v3.1.10 (3.1.10)
\pgfsyssoftpath@smallbuffer@items=\count331
\pgfsyssoftpath@bigbuffer@items=\count332
)
(/usr/local/texlive/2024/texmf-dist/tex/generic/pgf/systemlayer/pgfsysprotocol.
code.tex
File: pgfsysprotocol.code.tex 2023-01-15 v3.1.10 (3.1.10)
))
(/usr/local/texlive/2024/texmf-dist/tex/generic/pgf/basiclayer/pgfcore.code.tex
Package: pgfcore 2023-01-15 v3.1.10 (3.1.10)
(/usr/local/texlive/2024/texmf-dist/tex/generic/pgf/math/pgfmath.code.tex
(/usr/local/texlive/2024/texmf-dist/tex/generic/pgf/math/pgfmathutil.code.tex)
(/usr/local/texlive/2024/texmf-dist/tex/generic/pgf/math/pgfmathparser.code.tex
\pgfmath@dimen=\dimen192
\pgfmath@count=\count333
\pgfmath@box=\box63
\pgfmath@toks=\toks39
\pgfmath@stack@operand=\toks40
\pgfmath@stack@operation=\toks41
)
(/usr/local/texlive/2024/texmf-dist/tex/generic/pgf/math/pgfmathfunctions.code.
tex)
(/usr/local/texlive/2024/texmf-dist/tex/generic/pgf/math/pgfmathfunctions.basic
.code.tex)
(/usr/local/texlive/2024/texmf-dist/tex/generic/pgf/math/pgfmathfunctions.trigo
nometric.code.tex)
(/usr/local/texlive/2024/texmf-dist/tex/generic/pgf/math/pgfmathfunctions.rando
m.code.tex)
(/usr/local/texlive/2024/texmf-dist/tex/generic/pgf/math/pgfmathfunctions.compa
rison.code.tex)
(/usr/local/texlive/2024/texmf-dist/tex/generic/pgf/math/pgfmathfunctions.base.
code.tex)
(/usr/local/texlive/2024/texmf-dist/tex/generic/pgf/math/pgfmathfunctions.round
.code.tex)
(/usr/local/texlive/2024/texmf-dist/tex/generic/pgf/math/pgfmathfunctions.misc.
code.tex)
(/usr/local/texlive/2024/texmf-dist/tex/generic/pgf/math/pgfmathfunctions.integ
erarithmetics.code.tex)
(/usr/local/texlive/2024/texmf-dist/tex/generic/pgf/math/pgfmathcalc.code.tex)
(/usr/local/texlive/2024/texmf-dist/tex/generic/pgf/math/pgfmathfloat.code.tex
\c@pgfmathroundto@lastzeros=\count334
)) (/usr/local/texlive/2024/texmf-dist/tex/generic/pgf/math/pgfint.code.tex)
(/usr/local/texlive/2024/texmf-dist/tex/generic/pgf/basiclayer/pgfcorepoints.co
de.tex
File: pgfcorepoints.code.tex 2023-01-15 v3.1.10 (3.1.10)
\pgf@picminx=\dimen193
\pgf@picmaxx=\dimen194
\pgf@picminy=\dimen195
\pgf@picmaxy=\dimen196
\pgf@pathminx=\dimen197
\pgf@pathmaxx=\dimen198
\pgf@pathminy=\dimen199
\pgf@pathmaxy=\dimen256
\pgf@xx=\dimen257
\pgf@xy=\dimen258
\pgf@yx=\dimen259
\pgf@yy=\dimen260
\pgf@zx=\dimen261
\pgf@zy=\dimen262
)
(/usr/local/texlive/2024/texmf-dist/tex/generic/pgf/basiclayer/pgfcorepathconst
ruct.code.tex
File: pgfcorepathconstruct.code.tex 2023-01-15 v3.1.10 (3.1.10)
\pgf@path@lastx=\dimen263
\pgf@path@lasty=\dimen264
)
(/usr/local/texlive/2024/texmf-dist/tex/generic/pgf/basiclayer/pgfcorepathusage
.code.tex
File: pgfcorepathusage.code.tex 2023-01-15 v3.1.10 (3.1.10)
\pgf@shorten@end@additional=\dimen265
\pgf@shorten@start@additional=\dimen266
)
(/usr/local/texlive/2024/texmf-dist/tex/generic/pgf/basiclayer/pgfcorescopes.co
de.tex
File: pgfcorescopes.code.tex 2023-01-15 v3.1.10 (3.1.10)
\pgfpic=\box64
\pgf@hbox=\box65
\pgf@layerbox@main=\box66
\pgf@picture@serial@count=\count335
)
(/usr/local/texlive/2024/texmf-dist/tex/generic/pgf/basiclayer/pgfcoregraphicst
ate.code.tex
File: pgfcoregraphicstate.code.tex 2023-01-15 v3.1.10 (3.1.10)
\pgflinewidth=\dimen267
)
(/usr/local/texlive/2024/texmf-dist/tex/generic/pgf/basiclayer/pgfcoretransform
ations.code.tex
File: pgfcoretransformations.code.tex 2023-01-15 v3.1.10 (3.1.10)
\pgf@pt@x=\dimen268
\pgf@pt@y=\dimen269
\pgf@pt@temp=\dimen270
)
(/usr/local/texlive/2024/texmf-dist/tex/generic/pgf/basiclayer/pgfcorequick.cod
e.tex
File: pgfcorequick.code.tex 2023-01-15 v3.1.10 (3.1.10)
)
(/usr/local/texlive/2024/texmf-dist/tex/generic/pgf/basiclayer/pgfcoreobjects.c
ode.tex
File: pgfcoreobjects.code.tex 2023-01-15 v3.1.10 (3.1.10)
)
(/usr/local/texlive/2024/texmf-dist/tex/generic/pgf/basiclayer/pgfcorepathproce
ssing.code.tex
File: pgfcorepathprocessing.code.tex 2023-01-15 v3.1.10 (3.1.10)
)
(/usr/local/texlive/2024/texmf-dist/tex/generic/pgf/basiclayer/pgfcorearrows.co
de.tex
File: pgfcorearrows.code.tex 2023-01-15 v3.1.10 (3.1.10)
\pgfarrowsep=\dimen271
)
(/usr/local/texlive/2024/texmf-dist/tex/generic/pgf/basiclayer/pgfcoreshade.cod
e.tex
File: pgfcoreshade.code.tex 2023-01-15 v3.1.10 (3.1.10)
\pgf@max=\dimen272
\pgf@sys@shading@range@num=\count336
\pgf@shadingcount=\count337
)
(/usr/local/texlive/2024/texmf-dist/tex/generic/pgf/basiclayer/pgfcoreimage.cod
e.tex
File: pgfcoreimage.code.tex 2023-01-15 v3.1.10 (3.1.10)
)
(/usr/local/texlive/2024/texmf-dist/tex/generic/pgf/basiclayer/pgfcoreexternal.
code.tex
File: pgfcoreexternal.code.tex 2023-01-15 v3.1.10 (3.1.10)
\pgfexternal@startupbox=\box67
)
(/usr/local/texlive/2024/texmf-dist/tex/generic/pgf/basiclayer/pgfcorelayers.co
de.tex
File: pgfcorelayers.code.tex 2023-01-15 v3.1.10 (3.1.10)
)
(/usr/local/texlive/2024/texmf-dist/tex/generic/pgf/basiclayer/pgfcoretranspare
ncy.code.tex
File: pgfcoretransparency.code.tex 2023-01-15 v3.1.10 (3.1.10)
)
(/usr/local/texlive/2024/texmf-dist/tex/generic/pgf/basiclayer/pgfcorepatterns.
code.tex
File: pgfcorepatterns.code.tex 2023-01-15 v3.1.10 (3.1.10)
)
(/usr/local/texlive/2024/texmf-dist/tex/generic/pgf/basiclayer/pgfcorerdf.code.
tex
File: pgfcorerdf.code.tex 2023-01-15 v3.1.10 (3.1.10)
)))
(/usr/local/texlive/2024/texmf-dist/tex/generic/pgf/modules/pgfmoduleshapes.cod
e.tex
File: pgfmoduleshapes.code.tex 2023-01-15 v3.1.10 (3.1.10)
\pgfnodeparttextbox=\box68
)
(/usr/local/texlive/2024/texmf-dist/tex/generic/pgf/modules/pgfmoduleplot.code.
tex
File: pgfmoduleplot.code.tex 2023-01-15 v3.1.10 (3.1.10)
)
(/usr/local/texlive/2024/texmf-dist/tex/latex/pgf/compatibility/pgfcomp-version
-0-65.sty
Package: pgfcomp-version-0-65 2023-01-15 v3.1.10 (3.1.10)
\pgf@nodesepstart=\dimen273
\pgf@nodesepend=\dimen274
)
(/usr/local/texlive/2024/texmf-dist/tex/latex/pgf/compatibility/pgfcomp-version
-1-18.sty
Package: pgfcomp-version-1-18 2023-01-15 v3.1.10 (3.1.10)
))
(/usr/local/texlive/2024/texmf-dist/tex/latex/pgf/utilities/pgffor.sty
(/usr/local/texlive/2024/texmf-dist/tex/latex/pgf/utilities/pgfkeys.sty
(/usr/local/texlive/2024/texmf-dist/tex/generic/pgf/utilities/pgfkeys.code.tex))
 (/usr/local/texlive/2024/texmf-dist/tex/latex/pgf/math/pgfmath.sty
(/usr/local/texlive/2024/texmf-dist/tex/generic/pgf/math/pgfmath.code.tex))
(/usr/local/texlive/2024/texmf-dist/tex/generic/pgf/utilities/pgffor.code.tex
Package: pgffor 2023-01-15 v3.1.10 (3.1.10)
\pgffor@iter=\dimen275
\pgffor@skip=\dimen276
\pgffor@stack=\toks42
\pgffor@toks=\toks43
))
(/usr/local/texlive/2024/texmf-dist/tex/generic/pgf/frontendlayer/tikz/tikz.cod
e.tex
Package: tikz 2023-01-15 v3.1.10 (3.1.10)

(/usr/local/texlive/2024/texmf-dist/tex/generic/pgf/libraries/pgflibraryplothan
dlers.code.tex
File: pgflibraryplothandlers.code.tex 2023-01-15 v3.1.10 (3.1.10)
\pgf@plot@mark@count=\count338
\pgfplotmarksize=\dimen277
)
\tikz@lastx=\dimen278
\tikz@lasty=\dimen279
\tikz@lastxsaved=\dimen280
\tikz@lastysaved=\dimen281
\tikz@lastmovetox=\dimen282
\tikz@lastmovetoy=\dimen283
\tikzleveldistance=\dimen284
\tikzsiblingdistance=\dimen285
\tikz@figbox=\box69
\tikz@figbox@bg=\box70
\tikz@tempbox=\box71
\tikz@tempbox@bg=\box72
\tikztreelevel=\count339
\tikznumberofchildren=\count340
\tikznumberofcurrentchild=\count341
\tikz@fig@count=\count342

(/usr/local/texlive/2024/texmf-dist/tex/generic/pgf/modules/pgfmodulematrix.cod
e.tex
File: pgfmodulematrix.code.tex 2023-01-15 v3.1.10 (3.1.10)
\pgfmatrixcurrentrow=\count343
\pgfmatrixcurrentcolumn=\count344
\pgf@matrix@numberofcolumns=\count345
)
\tikz@expandcount=\count346

(/usr/local/texlive/2024/texmf-dist/tex/generic/pgf/frontendlayer/tikz/librarie
s/tikzlibrarytopaths.code.tex
File: tikzlibrarytopaths.code.tex 2023-01-15 v3.1.10 (3.1.10)
)))
(/usr/local/texlive/2024/texmf-dist/tex/generic/pgf/libraries/pgflibraryarrows.
meta.code.tex
File: pgflibraryarrows.meta.code.tex 2023-01-15 v3.1.10 (3.1.10)
\pgfarrowinset=\dimen286
\pgfarrowlength=\dimen287
\pgfarrowwidth=\dimen288
\pgfarrowlinewidth=\dimen289
)
(/usr/local/texlive/2024/texmf-dist/tex/generic/pgf/frontendlayer/tikz/librarie
s/tikzlibrarycalc.code.tex
File: tikzlibrarycalc.code.tex 2023-01-15 v3.1.10 (3.1.10)
)
(/usr/local/texlive/2024/texmf-dist/tex/generic/pgf/frontendlayer/tikz/librarie
s/tikzlibrarypositioning.code.tex
File: tikzlibrarypositioning.code.tex 2023-01-15 v3.1.10 (3.1.10)
)
(/usr/local/texlive/2024/texmf-dist/tex/latex/titlesec/titlesec.sty
Package: titlesec 2023/10/27 v2.16 Sectioning titles
\ttl@box=\box73
\beforetitleunit=\skip59
\aftertitleunit=\skip60
\ttl@plus=\dimen290
\ttl@minus=\dimen291
\ttl@toksa=\toks44
\titlewidth=\dimen292
\titlewidthlast=\dimen293
\titlewidthfirst=\dimen294
)
luaotfload | cache : Lookup cache loaded from /home/jerry/.texlive2024/texmf-var
/luatex-cache/generic/names/luaotfload-lookup-cache.luc.

Package fontspec Info: 
(fontspec)             Font family 'NotoSerif(0)' created for font 'Noto
(fontspec)             Serif' with options [Ligatures=TeX].
(fontspec)              
(fontspec)              This font family consists of the following NFSS
(fontspec)             series/shapes:
(fontspec)              
(fontspec)             - 'normal' (m/n) with NFSS spec.: <->"name:Noto
(fontspec)             Serif:mode=node;script=latn;language=dflt;+tlig;"
(fontspec)             - 'small caps'  (m/sc) with NFSS spec.: <->"name:Noto
(fontspec)             Serif:mode=node;script=latn;language=dflt;+tlig;+smcp;"
(fontspec)             - 'bold' (b/n) with NFSS spec.: <->"name:Noto
(fontspec)             Serif/B:mode=node;script=latn;language=dflt;+tlig;"
(fontspec)             - 'bold small caps'  (b/sc) with NFSS spec.:
(fontspec)             <->"name:Noto
(fontspec)             Serif/B:mode=node;script=latn;language=dflt;+tlig;+smcp;
"
(fontspec)             - 'italic' (m/it) with NFSS spec.: <->"name:Noto
(fontspec)             Serif/I:mode=node;script=latn;language=dflt;+tlig;"
(fontspec)             - 'italic small caps'  (m/scit) with NFSS spec.:
(fontspec)             <->"name:Noto
(fontspec)             Serif/I:mode=node;script=latn;language=dflt;+tlig;+smcp;
"
(fontspec)             - 'bold italic' (b/it) with NFSS spec.: <->"name:Noto
(fontspec)             Serif/BI:mode=node;script=latn;language=dflt;+tlig;"
(fontspec)             - 'bold italic small caps'  (b/scit) with NFSS spec.:
(fontspec)             <->"name:Noto
(fontspec)             Serif/BI:mode=node;script=latn;language=dflt;+tlig;+smcp
;"

luaotfload | aux : font no 31 (nil) defines no feature for script latn

Package fontspec Info: 
(fontspec)             Noto Sans Symbols 2 scale = 0.9999976276839791.


Package fontspec Info: 
(fontspec)             Could not resolve font "Noto Sans Symbols 2/BI" (it
(fontspec)             probably doesn't exist).


Package fontspec Info: 
(fontspec)             Could not resolve font "Noto Sans Symbols 2/B" (it
(fontspec)             probably doesn't exist).


Package fontspec Info: 
(fontspec)             Could not resolve font "Noto Sans Symbols 2/I" (it
(fontspec)             probably doesn't exist).


Package fontspec Info: 
(fontspec)             Noto Sans Symbols 2 scale = 0.9999976276839791.

luaotfload | aux : font no 31 (nil) does not define feature smcp for script dflt
 with language dflt
luaotfload | aux : font no 31 (nil) does not define feature smcp for script latn
 with language dflt
luaotfload | aux : font no 31 (nil) does not define feature smcp for script dflt
 with language dflt
luaotfload | aux : font no 31 (nil) does not define feature smcp for script dflt
 with language dflt
luaotfload | aux : font no 31 (nil) does not define feature smcp for script latn
 with language dflt
luaotfload | aux : font no 31 (nil) does not define feature smcp for script dflt
 with language dflt

Package fontspec Info: 
(fontspec)             Font family 'NotoSansSymbols2(0)' created for font
(fontspec)             'Noto Sans Symbols 2' with options
(fontspec)             [Scale=MatchLowercase].
(fontspec)              
(fontspec)              This font family consists of the following NFSS
(fontspec)             series/shapes:
(fontspec)              
(fontspec)             - 'normal' (m/n) with NFSS spec.:
(fontspec)             <->s*[0.9999976276839791]"name:Noto Sans Symbols
(fontspec)             2:mode=node;script=DFLT;language=dflt;"


Package fontspec Info: 
(fontspec)             Could not resolve font "Noto Naskh Arabic/BI" (it
(fontspec)             probably doesn't exist).


Package fontspec Info: 
(fontspec)             Could not resolve font "Noto Naskh Arabic/I" (it
(fontspec)             probably doesn't exist).

luaotfload | aux : font no 38 (nil) does not define feature smcp for script arab
 with language dflt
luaotfload | aux : font no 38 (nil) does not define feature smcp for script latn
 with language dflt
luaotfload | aux : font no 38 (nil) does not define feature smcp for script dflt
 with language dflt
luaotfload | aux : font no 38 (nil) does not define feature smcp for script arab
 with language dflt
luaotfload | aux : font no 38 (nil) does not define feature smcp for script latn
 with language dflt
luaotfload | aux : font no 38 (nil) does not define feature smcp for script dflt
 with language dflt
luaotfload | aux : font no 39 (nil) does not define feature smcp for script arab
 with language dflt
luaotfload | aux : font no 39 (nil) does not define feature smcp for script latn
 with language dflt
luaotfload | aux : font no 39 (nil) does not define feature smcp for script dflt
 with language dflt
luaotfload | aux : font no 39 (nil) does not define feature smcp for script arab
 with language dflt
luaotfload | aux : font no 39 (nil) does not define feature smcp for script latn
 with language dflt
luaotfload | aux : font no 39 (nil) does not define feature smcp for script dflt
 with language dflt

Package fontspec Info: 
(fontspec)             Font family 'NotoNaskhArabic(0)' created for font 'Noto
(fontspec)             Naskh Arabic' with options [Script=Arabic].
(fontspec)              
(fontspec)              This font family consists of the following NFSS
(fontspec)             series/shapes:
(fontspec)              
(fontspec)             - 'normal' (m/n) with NFSS spec.: <->"name:Noto Naskh
(fontspec)             Arabic:mode=node;script=arab;language=dflt;"
(fontspec)             - 'bold' (b/n) with NFSS spec.: <->"name:Noto Naskh
(fontspec)             Arabic/B:mode=node;script=arab;language=dflt;"


Package fontspec Info: 
(fontspec)             Could not resolve font "Noto Sans CJK SC/BI" (it
(fontspec)             probably doesn't exist).


Package fontspec Info: 
(fontspec)             Could not resolve font "Noto Sans CJK SC/I" (it
(fontspec)             probably doesn't exist).

luaotfload | aux : font no 45 (nil) does not define feature smcp for script latn
 with language dflt
luaotfload | aux : font no 45 (nil) does not define feature smcp for script latn
 with language dflt
luaotfload | aux : font no 45 (nil) does not define feature smcp for script dflt
 with language dflt
luaotfload | aux : font no 45 (nil) does not define feature smcp for script latn
 with language dflt
luaotfload | aux : font no 45 (nil) does not define feature smcp for script latn
 with language dflt
luaotfload | aux : font no 45 (nil) does not define feature smcp for script dflt
 with language dflt
luaotfload | aux : font no 46 (nil) does not define feature smcp for script latn
 with language dflt
luaotfload | aux : font no 46 (nil) does not define feature smcp for script latn
 with language dflt
luaotfload | aux : font no 46 (nil) does not define feature smcp for script dflt
 with language dflt
luaotfload | aux : font no 46 (nil) does not define feature smcp for script latn
 with language dflt
luaotfload | aux : font no 46 (nil) does not define feature smcp for script latn
 with language dflt
luaotfload | aux : font no 46 (nil) does not define feature smcp for script dflt
 with language dflt

Package fontspec Info: 
(fontspec)             Font family 'NotoSansCJKSC(0)' created for font 'Noto
(fontspec)             Sans CJK SC' with options [].
(fontspec)              
(fontspec)              This font family consists of the following NFSS
(fontspec)             series/shapes:
(fontspec)              
(fontspec)             - 'normal' (m/n) with NFSS spec.: <->"name:Noto Sans
(fontspec)             CJK SC:mode=node;script=latn;language=dflt;"
(fontspec)             - 'bold' (b/n) with NFSS spec.: <->"name:Noto Sans CJK
(fontspec)             SC/B:mode=node;script=latn;language=dflt;"


Package fontspec Info: 
(fontspec)             Could not resolve font "Noto Color Emoji/BI" (it
(fontspec)             probably doesn't exist).


Package fontspec Info: 
(fontspec)             Could not resolve font "Noto Color Emoji/B" (it
(fontspec)             probably doesn't exist).


Package fontspec Info: 
(fontspec)             Could not resolve font "Noto Color Emoji/I" (it
(fontspec)             probably doesn't exist).


Package fontspec Info: 
(fontspec)             Font family 'NotoColorEmoji(0)' created for font 'Noto
(fontspec)             Color Emoji' with options [Renderer=Harfbuzz].
(fontspec)              
(fontspec)              This font family consists of the following NFSS
(fontspec)             series/shapes:
(fontspec)              
(fontspec)             - 'normal' (m/n) with NFSS spec.: <->"name:Noto Color
(fontspec)             Emoji:mode=harf;script=DFLT;language=dflt;"


(./main.aux)
\openout1 = main.aux

LaTeX Font Info:    Checking defaults for OML/cmm/m/it on input line 91.
LaTeX Font Info:    ... okay on input line 91.
LaTeX Font Info:    Checking defaults for OMS/cmsy/m/n on input line 91.
LaTeX Font Info:    ... okay on input line 91.
LaTeX Font Info:    Checking defaults for OT1/cmr/m/n on input line 91.
LaTeX Font Info:    ... okay on input line 91.
LaTeX Font Info:    Checking defaults for T1/cmr/m/n on input line 91.
LaTeX Font Info:    ... okay on input line 91.
LaTeX Font Info:    Checking defaults for TS1/cmr/m/n on input line 91.
LaTeX Font Info:    ... okay on input line 91.
LaTeX Font Info:    Checking defaults for TU/lmr/m/n on input line 91.
LaTeX Font Info:    ... okay on input line 91.
LaTeX Font Info:    Checking defaults for OMX/cmex/m/n on input line 91.
LaTeX Font Info:    ... okay on input line 91.
LaTeX Font Info:    Checking defaults for U/cmr/m/n on input line 91.
LaTeX Font Info:    ... okay on input line 91.
LaTeX Font Info:    Checking defaults for PD1/pdf/m/n on input line 91.
LaTeX Font Info:    ... okay on input line 91.
LaTeX Font Info:    Checking defaults for PU/pdf/m/n on input line 91.
LaTeX Font Info:    ... okay on input line 91.

Package fontspec Info: 
(fontspec)             Adjusting the maths setup (use [no-math] to avoid
(fontspec)             this).

\symlegacymaths=\mathgroup6
LaTeX Font Info:    Overwriting symbol font `legacymaths' in version `bold'
(Font)                  OT1/cmr/m/n --> OT1/cmr/bx/n on input line 91.
LaTeX Font Info:    Redeclaring math accent \acute on input line 91.
LaTeX Font Info:    Redeclaring math accent \grave on input line 91.
LaTeX Font Info:    Redeclaring math accent \ddot on input line 91.
LaTeX Font Info:    Redeclaring math accent \tilde on input line 91.
LaTeX Font Info:    Redeclaring math accent \bar on input line 91.
LaTeX Font Info:    Redeclaring math accent \breve on input line 91.
LaTeX Font Info:    Redeclaring math accent \check on input line 91.
LaTeX Font Info:    Redeclaring math accent \hat on input line 91.
LaTeX Font Info:    Redeclaring math accent \dot on input line 91.
LaTeX Font Info:    Redeclaring math accent \mathring on input line 91.
LaTeX Font Info:    Redeclaring math symbol \Gamma on input line 91.
LaTeX Font Info:    Redeclaring math symbol \Delta on input line 91.
LaTeX Font Info:    Redeclaring math symbol \Theta on input line 91.
LaTeX Font Info:    Redeclaring math symbol \Lambda on input line 91.
LaTeX Font Info:    Redeclaring math symbol \Xi on input line 91.
LaTeX Font Info:    Redeclaring math symbol \Pi on input line 91.
LaTeX Font Info:    Redeclaring math symbol \Sigma on input line 91.
LaTeX Font Info:    Redeclaring math symbol \Upsilon on input line 91.
LaTeX Font Info:    Redeclaring math symbol \Phi on input line 91.
LaTeX Font Info:    Redeclaring math symbol \Psi on input line 91.
LaTeX Font Info:    Redeclaring math symbol \Omega on input line 91.
LaTeX Font Info:    Redeclaring math symbol \mathdollar on input line 91.
LaTeX Font Info:    Redeclaring symbol font `operators' on input line 91.
LaTeX Font Info:    Encoding `OT1' has changed to `TU' for symbol font
(Font)              `operators' in the math version `normal' on input line 91.
LaTeX Font Info:    Overwriting symbol font `operators' in version `normal'
(Font)                  OT1/cmr/m/n --> TU/NotoSerif(0)/m/n on input line 91.
LaTeX Font Info:    Encoding `OT1' has changed to `TU' for symbol font
(Font)              `operators' in the math version `bold' on input line 91.
LaTeX Font Info:    Overwriting symbol font `operators' in version `bold'
(Font)                  OT1/cmr/bx/n --> TU/NotoSerif(0)/m/n on input line 91.
LaTeX Font Info:    Overwriting symbol font `operators' in version `normal'
(Font)                  TU/NotoSerif(0)/m/n --> TU/NotoSerif(0)/m/n on input li
ne 91.
LaTeX Font Info:    Overwriting math alphabet `\mathit' in version `normal'
(Font)                  OT1/cmr/m/it --> TU/NotoSerif(0)/m/it on input line 91.

LaTeX Font Info:    Overwriting math alphabet `\mathbf' in version `normal'
(Font)                  OT1/cmr/bx/n --> TU/NotoSerif(0)/b/n on input line 91.
LaTeX Font Info:    Overwriting math alphabet `\mathsf' in version `normal'
(Font)                  OT1/cmss/m/n --> TU/lmss/m/n on input line 91.
LaTeX Font Info:    Overwriting math alphabet `\mathtt' in version `normal'
(Font)                  OT1/cmtt/m/n --> TU/lmtt/m/n on input line 91.
LaTeX Font Info:    Overwriting symbol font `operators' in version `bold'
(Font)                  TU/NotoSerif(0)/m/n --> TU/NotoSerif(0)/b/n on input li
ne 91.
LaTeX Font Info:    Overwriting math alphabet `\mathit' in version `bold'
(Font)                  OT1/cmr/bx/it --> TU/NotoSerif(0)/b/it on input line 91
.
LaTeX Font Info:    Overwriting math alphabet `\mathsf' in version `bold'
(Font)                  OT1/cmss/bx/n --> TU/lmss/b/n on input line 91.
LaTeX Font Info:    Overwriting math alphabet `\mathtt' in version `bold'
(Font)                  OT1/cmtt/m/n --> TU/lmtt/b/n on input line 91.

(/usr/local/texlive/2024/texmf-dist/tex/context/base/mkii/supp-pdf.mkii
[Loading MPS to PDF converter (version 2006.09.02).]
\scratchcounter=\count347
\scratchdimen=\dimen295
\scratchbox=\box74
\nofMPsegments=\count348
\nofMParguments=\count349
\everyMPshowfont=\toks45
\MPscratchCnt=\count350
\MPscratchDim=\dimen296
\MPnumerator=\count351
\makeMPintoPDFobject=\count352
\everyMPtoPDFconversion=\toks46
) (/usr/local/texlive/2024/texmf-dist/tex/latex/epstopdf-pkg/epstopdf-base.sty
Package: epstopdf-base 2020-01-24 v2.11 Base part for package epstopdf
Package epstopdf-base Info: Redefining graphics rule for `.eps' on input line 4
85.

(/usr/local/texlive/2024/texmf-dist/tex/latex/latexconfig/epstopdf-sys.cfg
File: epstopdf-sys.cfg 2010/07/13 v1.3 Configuration of (r)epstopdf for TeX Liv
e
))
\c@lstlisting=\count353
Package hyperref Info: Link coloring OFF on input line 91.

(./main.out) (./main.out)
\@outlinefile=\write4

\openout4 = main.out

*geometry* driver: auto-detecting
*geometry* detected driver: luatex
*geometry* verbose mode - [ preamble ] result:
* driver: luatex
* paper: a4paper
* layout: <same size as paper>
* layoutoffset:(h,v)=(0.0pt,0.0pt)
* modes: twoside 
* h-part:(L,W,R)=(71.13188pt, 455.24411pt, 71.13188pt)
* v-part:(T,H,B)=(71.13188pt, 702.78308pt, 71.13188pt)
* \paperwidth=597.50787pt
* \paperheight=845.04684pt
* \textwidth=455.24411pt
* \textheight=702.78308pt
* \oddsidemargin=-1.1381pt
* \evensidemargin=-1.1381pt
* \topmargin=-33.0119pt
* \headheight=12.0pt
* \headsep=19.8738pt
* \topskip=12.0pt
* \footskip=30.0pt
* \marginparwidth=88.0pt
* \marginparsep=7.0pt
* \columnsep=10.0pt
* \skip\footins=10.8pt plus 4.0pt minus 2.0pt
* \hoffset=0.0pt
* \voffset=0.0pt
* \mag=1000
* \@twocolumnfalse
* \@twosidetrue
* \@mparswitchtrue
* \@reversemarginfalse
* (1in=72.27pt=25.4mm, 1cm=28.453pt)

(/usr/local/texlive/2024/texmf-dist/tex/latex/pdflscape/pdflscape.sty
Package: pdflscape 2022-10-27 v0.13 Display of landscape pages in PDF

(/usr/local/texlive/2024/texmf-dist/tex/latex/pdflscape/pdflscape-nometadata.st
y
Package: pdflscape-nometadata 2022-10-28 v0.13 Display of landscape pages in PD
F (HO)
 (/usr/local/texlive/2024/texmf-dist/tex/latex/graphics/lscape.sty
Package: lscape 2020/05/28 v3.02 Landscape Pages (DPC)
)
Package pdflscape Info: Auto-detected driver: pdftex on input line 81.
))
LaTeX Font Info:    Trying to load font information for U+msa on input line 98.


(/usr/local/texlive/2024/texmf-dist/tex/latex/amsfonts/umsa.fd
File: umsa.fd 2013/01/14 v3.01 AMS symbols A
)
LaTeX Font Info:    Trying to load font information for U+msb on input line 98.


(/usr/local/texlive/2024/texmf-dist/tex/latex/amsfonts/umsb.fd
File: umsb.fd 2013/01/14 v3.01 AMS symbols B
)

[1



{/usr/local/texlive/2024/texmf-var/fonts/map/pdftex/updmap/pdftex.map}]

LaTeX Font Info:    Font shape `TU/NotoSerif(0)/m/sl' in size <12> not availabl
e
(Font)              Font shape `TU/NotoSerif(0)/m/it' tried instead on input li
ne 99.
[2

] (./main.toc

[3]
Overfull \hbox (22.59413pt too wide) in paragraph at lines 57--57
 [][] [][]\TU/NotoSerif(0)/m/n/12 Ar-beits-blatt 3: Hard-ware-ar-chi-tek-tur (Be
-zug: []Punkt [][]  []Inhaltsverzeichnis[])[] [][]  
 []

)
\tf@toc=\write5

\openout5 = main.toc


[4] (./chapters/einfuehrung.tex
Kapitel 1.

Overfull \hbox (1.85794pt too wide) in paragraph at lines 32--37
\TU/NotoSerif(0)/m/n/12 the-ma-tik, In-ge-nieur-wis-sen-schaf-ten, Lo-gik und zu
-neh-mend auch Sozial- und Geis-
 []



[1


]
<figures/info-daten.png, id=279, 583.17876pt x 263.98625pt>
File: figures/info-daten.png Graphic file (type png)
<use figures/info-daten.png>
Package luatex.def Info: figures/info-daten.png  used on input line 66.
(luatex.def)             Requested size: 250.38564pt x 113.33865pt.


[2
warning  (pdf backend): ignoring duplicate destination with the name 'figure.1.1
'
Missing character: There is no  (U+2192) in font "name:Noto Serif:mode=node;s
cript=latn;language=dflt;+tlig;"!
Missing character: There is no  (U+2192) in font "name:Noto Serif:mode=node;s
cript=latn;language=dflt;+tlig;"!
<./figures/info-daten.png>]

[3]
Overfull \hbox (38.39023pt too wide) in paragraph at lines 98--108
 [] 
 []

LaTeX Font Info:    Font shape `TU/NotoSansSymbols2(0)/m/n' will be
(Font)              scaled to size 12.0pt on input line 115.


[4
Missing character: There is no  (U+1F60A) in font "name:Noto Serif:mode=node
;script=latn;language=dflt;+tlig;"!
<./luatex.I0XpYg/1.png>]
Overfull \hbox (8.54103pt too wide) in paragraph at lines 141--142
[]\TU/NotoSerif(0)/m/n/12 Unicode-Projekt: \TU/NotoSerif(0)/m/it/12 ein \TU/Not
oSerif(0)/m/n/12 uni-ver-sel-ler Zei-chen-satz; Tren-nung von \TU/NotoSerif(0)/
m/it/12 Zei-chen \TU/NotoSerif(0)/m/n/12 (Code-
 []


Overfull \hbox (10.88452pt too wide) in paragraph at lines 147--148
\TU/NotoSerif(0)/m/n/12  fast ber-all ist UTF-8 b-lich. Wich-tig: \TU/No
toSerif(0)/m/it/12 En-co-ding an-ge-ben \TU/NotoSerif(0)/m/n/12 (z.B. HTTP \TU/
lmtt/m/n/12 Content-
 []


Overfull \hbox (2.291pt too wide) in paragraph at lines 148--149
[]\TU/NotoSerif(0)/b/n/12 Be-triebs-sys-te-me: \TU/NotoSerif(0)/m/n/12 Da-tei-na
-men und Kon-so-len sind (je nach Sys-tem) Unicode-
 []

) (./chapters/menschcomputer.tex

[5]

[6

]
Kapitel 2.


[7]
Overfull \hbox (5.51486pt too wide) in paragraph at lines 39--41
[]\TU/NotoSerif(0)/b/n/12 Zen-tral-ein-heit (CPU) \TU/NotoSerif(0)/m/n/12 mit \
TU/NotoSerif(0)/m/it/12 Steu-er-werk \TU/NotoSerif(0)/m/n/12 und \TU/NotoSerif(
0)/m/it/12 Re-chen-werk (ALU)\TU/NotoSerif(0)/m/n/12 ; ar-bei-tet streng
 []


Underfull \hbox (badness 10000) in paragraph at lines 53--53
[]\TU/NotoSerif(0)/m/n/12 Sin-ne (se-hen, h-
 []


Underfull \hbox (badness 10000) in paragraph at lines 53--53
[]\TU/NotoSerif(0)/m/n/12 Ge-r-te-/-Sen-so-ren,
 []


Underfull \hbox (badness 10000) in paragraph at lines 54--54
[]\TU/NotoSerif(0)/m/n/12 lang-sam, feh-ler-an-
 []


Underfull \hbox (badness 10000) in paragraph at lines 54--54
[]\TU/NotoSerif(0)/m/n/12 ex-trem schnell,
 []


Underfull \hbox (badness 3568) in paragraph at lines 55--55
\TU/NotoSerif(0)/m/n/12 kann Kon-text her-
 []


Underfull \hbox (badness 10000) in paragraph at lines 56--56
[]\TU/NotoSerif(0)/m/n/12 krea-tiv, lernt aus
 []


Underfull \hbox (badness 10000) in paragraph at lines 56--56
[]\TU/NotoSerif(0)/m/n/12 braucht Pro-gram-
 []


Underfull \hbox (badness 10000) in paragraph at lines 57--57
[]\TU/NotoSerif(0)/m/n/12 Ge-dcht-nis (ver-
 []


Underfull \hbox (badness 10000) in paragraph at lines 57--57
[]\TU/NotoSerif(0)/m/n/12 Spei-ch-er-hier-ar-chie
 []


Underfull \hbox (badness 10000) in paragraph at lines 58--58
[]\TU/NotoSerif(0)/m/n/12 ef-fi-zi-ent, be-n-tigt
 []


Underfull \hbox (badness 5504) in paragraph at lines 58--58
[]\TU/NotoSerif(0)/m/n/12 dau-er-haft, braucht
 []



[8]
Overfull \hbox (15.81796pt too wide) in paragraph at lines 106--107
 [] 
 []

) (./chapters/zahlensysteme.tex

[9]

[10

]
Kapitel 3.

Package hyperref Warning: Token not allowed in a PDF string (Unicode):
(hyperref)                removing `math shift' on input line 17.



[11]
Overfull \hbox (19.10033pt too wide) in paragraph at lines 38--38
|\TU/NotoSerif(0)/b/n/14.4 Fa-zit zur Fra-ge: Rech-net man ir-gend-wo ernst-h
aft nicht-dezimal?| 
 []


Overfull \hbox (22.49786pt too wide) in paragraph at lines 58--61
\TU/NotoSerif(0)/m/n/12 Hex ist heu-te Stan-dard in Pro-gram-mie-rung, Speicher-
Dumps, Farb-wer-ten (#FF00AA),
 []



[12]
Overfull \hbox (10.07495pt too wide) in paragraph at lines 116--117
[]\TU/NotoSerif(0)/b/n/12 Sortier-/Vergleichsfreundlich: \TU/NotoSerif(0)/m/n/1
2 Bei fes-tem Wortbreite-Vergleich funk-tio-niert
 []

<figures/4Bit-2Komplement.png, id=348, 545.03625pt x 517.935pt>
File: figures/4Bit-2Komplement.png Graphic file (type png)
<use figures/4Bit-2Komplement.png>
Package luatex.def Info: figures/4Bit-2Komplement.png  used on input line 122.
(luatex.def)             Requested size: 295.90588pt x 281.1902pt.


[13]

Package hyperref Warning: Token not allowed in a PDF string (Unicode):
(hyperref)                removing `math shift' on input line 127.



[14
warning  (pdf backend): ignoring duplicate destination with the name 'figure.3.1
'
<./figures/4Bit-2Komplement.png>]
Overfull \hbox (6.41985pt too wide) in paragraph at lines 175--176
[]\TU/NotoSerif(0)/m/n/12 Auch zwei Nul-len und kom-pli-zier-te-re Ad-di-ti-on 
(End-Around-
 []



[15]) (./chapters/hardwarearchitektur.tex

[16]
Kapitel 4.

Overfull \hbox (1.70496pt too wide) in paragraph at lines 8--12
\TU/NotoSerif(0)/m/n/12 gram-me aus-zu-fh-ren? Die heu-te do-mi-nie-ren-de Gru
nd-idee ist die \TU/NotoSerif(0)/b/n/12 von-Neumann-
 []

<figures/vonNeumannarchitektur.png, id=369, 1027.84pt x 507.8975pt>
File: figures/vonNeumannarchitektur.png Graphic file (type png)
<use figures/vonNeumannarchitektur.png>
Package luatex.def Info: figures/vonNeumannarchitektur.png  used on input line 
35.
(luatex.def)             Requested size: 341.43307pt x 168.71492pt.


[17

]
Package hyperref Info: bookmark level for unknown lstlisting defaults to 0 on i
nput line 64.


[18
warning  (pdf backend): ignoring duplicate destination with the name 'figure.4.1
'
<./figures/vonNeumannarchitektur.png>]
Overfull \hbox (1.61407pt too wide) in paragraph at lines 108--113
\TU/NotoSerif(0)/m/n/12 Die \TU/NotoSerif(0)/b/n/12 Harvard-Architektur \TU/Not
oSerif(0)/m/n/12 trennt \TU/NotoSerif(0)/m/it/12 Befehls- \TU/NotoSerif(0)/m/n/
12 und \TU/NotoSerif(0)/m/it/12 Da-ten-spei-cher \TU/NotoSerif(0)/m/n/12 (je ei-
ge-ner Bus). Vor-
 []



[19]) (./appendix/anhang.tex

[20]
<appendix/aufgabenblatt-0.pdf, id=410, 597.50829pt x 845.04709pt>
File: appendix/aufgabenblatt-0.pdf Graphic file (type pdf)
<use appendix/aufgabenblatt-0.pdf>
Package luatex.def Info: appendix/aufgabenblatt-0.pdf  used on input line 100.
(luatex.def)             Requested size: 597.50682pt x 845.04503pt.
File: appendix/aufgabenblatt-0.pdf Graphic file (type pdf)
<use appendix/aufgabenblatt-0.pdf>
Package luatex.def Info: appendix/aufgabenblatt-0.pdf  used on input line 100.
(luatex.def)             Requested size: 597.50682pt x 845.04503pt.
<appendix/aufgabenblatt-0.pdf, id=413, page=1, 597.50829pt x 845.04709pt>
File: appendix/aufgabenblatt-0.pdf Graphic file (type pdf)
<use appendix/aufgabenblatt-0.pdf, page 1>
Package luatex.def Info: appendix/aufgabenblatt-0.pdf , page1 used on input lin
e 100.
(luatex.def)             Requested size: 597.50682pt x 845.04503pt.
File: appendix/aufgabenblatt-0.pdf Graphic file (type pdf)
<use appendix/aufgabenblatt-0.pdf, page 1>
Package luatex.def Info: appendix/aufgabenblatt-0.pdf , page1 used on input lin
e 100.
(luatex.def)             Requested size: 597.53416pt x 845.08371pt.


[21


]
File: appendix/aufgabenblatt-0.pdf Graphic file (type pdf)
<use appendix/aufgabenblatt-0.pdf, page 1>
Package luatex.def Info: appendix/aufgabenblatt-0.pdf , page1 used on input lin
e 100.
(luatex.def)             Requested size: 597.53416pt x 845.08371pt.
File: appendix/aufgabenblatt-0.pdf Graphic file (type pdf)
<use appendix/aufgabenblatt-0.pdf, page 1>
Package luatex.def Info: appendix/aufgabenblatt-0.pdf , page1 used on input lin
e 100.
(luatex.def)             Requested size: 597.53416pt x 845.08371pt.


File: appendix/aufgabenblatt-0.pdf Graphic file (type pdf)
<use appendix/aufgabenblatt-0.pdf, page 1>
Package luatex.def Info: appendix/aufgabenblatt-0.pdf , page1 used on input lin
e 100.
(luatex.def)             Requested size: 597.53416pt x 845.08371pt.
[22

<./appendix/aufgabenblatt-0.pdf>]
File: appendix/aufgabenblatt-0.pdf Graphic file (type pdf)
<use appendix/aufgabenblatt-0.pdf>
Package luatex.def Info: appendix/aufgabenblatt-0.pdf  used on input line 100.
(luatex.def)             Requested size: 597.50682pt x 845.04503pt.
File: appendix/aufgabenblatt-0.pdf Graphic file (type pdf)
<use appendix/aufgabenblatt-0.pdf>
Package luatex.def Info: appendix/aufgabenblatt-0.pdf  used on input line 100.
(luatex.def)             Requested size: 597.50682pt x 845.04503pt.
<appendix/aufgabenblatt-0.pdf, id=479, page=2, 597.50829pt x 845.04709pt>
File: appendix/aufgabenblatt-0.pdf Graphic file (type pdf)
<use appendix/aufgabenblatt-0.pdf, page 2>
Package luatex.def Info: appendix/aufgabenblatt-0.pdf , page2 used on input lin
e 100.
(luatex.def)             Requested size: 597.50682pt x 845.04503pt.
File: appendix/aufgabenblatt-0.pdf Graphic file (type pdf)
<use appendix/aufgabenblatt-0.pdf, page 2>
Package luatex.def Info: appendix/aufgabenblatt-0.pdf , page2 used on input lin
e 100.
(luatex.def)             Requested size: 597.53416pt x 845.08371pt.
File: appendix/aufgabenblatt-0.pdf Graphic file (type pdf)
<use appendix/aufgabenblatt-0.pdf, page 2>
Package luatex.def Info: appendix/aufgabenblatt-0.pdf , page2 used on input lin
e 100.
(luatex.def)             Requested size: 597.53416pt x 845.08371pt.
File: appendix/aufgabenblatt-0.pdf Graphic file (type pdf)
<use appendix/aufgabenblatt-0.pdf, page 2>
Package luatex.def Info: appendix/aufgabenblatt-0.pdf , page2 used on input lin
e 100.
(luatex.def)             Requested size: 597.53416pt x 845.08371pt.


File: appendix/aufgabenblatt-0.pdf Graphic file (type pdf)
<use appendix/aufgabenblatt-0.pdf, page 2>
Package luatex.def Info: appendix/aufgabenblatt-0.pdf , page2 used on input lin
e 100.
(luatex.def)             Requested size: 597.53416pt x 845.08371pt.
[23

<./appendix/aufgabenblatt-0.pdf>]
<appendix/aufgabenblatt-1.pdf, id=491, 597.50829pt x 845.04709pt>
File: appendix/aufgabenblatt-1.pdf Graphic file (type pdf)
<use appendix/aufgabenblatt-1.pdf>
Package luatex.def Info: appendix/aufgabenblatt-1.pdf  used on input line 106.
(luatex.def)             Requested size: 597.50682pt x 845.04503pt.
File: appendix/aufgabenblatt-1.pdf Graphic file (type pdf)
<use appendix/aufgabenblatt-1.pdf>
Package luatex.def Info: appendix/aufgabenblatt-1.pdf  used on input line 106.
(luatex.def)             Requested size: 597.50682pt x 845.04503pt.
<appendix/aufgabenblatt-1.pdf, id=494, page=1, 597.50829pt x 845.04709pt>
File: appendix/aufgabenblatt-1.pdf Graphic file (type pdf)
<use appendix/aufgabenblatt-1.pdf, page 1>
Package luatex.def Info: appendix/aufgabenblatt-1.pdf , page1 used on input lin
e 106.
(luatex.def)             Requested size: 597.50682pt x 845.04503pt.
File: appendix/aufgabenblatt-1.pdf Graphic file (type pdf)
<use appendix/aufgabenblatt-1.pdf, page 1>
Package luatex.def Info: appendix/aufgabenblatt-1.pdf , page1 used on input lin
e 106.
(luatex.def)             Requested size: 597.53416pt x 845.08371pt.
File: appendix/aufgabenblatt-1.pdf Graphic file (type pdf)
<use appendix/aufgabenblatt-1.pdf, page 1>
Package luatex.def Info: appendix/aufgabenblatt-1.pdf , page1 used on input lin
e 106.
(luatex.def)             Requested size: 597.53416pt x 845.08371pt.
File: appendix/aufgabenblatt-1.pdf Graphic file (type pdf)
<use appendix/aufgabenblatt-1.pdf, page 1>
Package luatex.def Info: appendix/aufgabenblatt-1.pdf , page1 used on input lin
e 106.
(luatex.def)             Requested size: 597.53416pt x 845.08371pt.


File: appendix/aufgabenblatt-1.pdf Graphic file (type pdf)
<use appendix/aufgabenblatt-1.pdf, page 1>
Package luatex.def Info: appendix/aufgabenblatt-1.pdf , page1 used on input lin
e 106.
(luatex.def)             Requested size: 597.53416pt x 845.08371pt.
[24

<./appendix/aufgabenblatt-1.pdf>]
File: appendix/aufgabenblatt-1.pdf Graphic file (type pdf)
<use appendix/aufgabenblatt-1.pdf>
Package luatex.def Info: appendix/aufgabenblatt-1.pdf  used on input line 106.
(luatex.def)             Requested size: 597.50682pt x 845.04503pt.
File: appendix/aufgabenblatt-1.pdf Graphic file (type pdf)
<use appendix/aufgabenblatt-1.pdf>
Package luatex.def Info: appendix/aufgabenblatt-1.pdf  used on input line 106.
(luatex.def)             Requested size: 597.50682pt x 845.04503pt.
<appendix/aufgabenblatt-1.pdf, id=552, page=2, 597.50829pt x 845.04709pt>
File: appendix/aufgabenblatt-1.pdf Graphic file (type pdf)
<use appendix/aufgabenblatt-1.pdf, page 2>
Package luatex.def Info: appendix/aufgabenblatt-1.pdf , page2 used on input lin
e 106.
(luatex.def)             Requested size: 597.50682pt x 845.04503pt.
File: appendix/aufgabenblatt-1.pdf Graphic file (type pdf)
<use appendix/aufgabenblatt-1.pdf, page 2>
Package luatex.def Info: appendix/aufgabenblatt-1.pdf , page2 used on input lin
e 106.
(luatex.def)             Requested size: 597.53416pt x 845.08371pt.
File: appendix/aufgabenblatt-1.pdf Graphic file (type pdf)
<use appendix/aufgabenblatt-1.pdf, page 2>
Package luatex.def Info: appendix/aufgabenblatt-1.pdf , page2 used on input lin
e 106.
(luatex.def)             Requested size: 597.53416pt x 845.08371pt.
File: appendix/aufgabenblatt-1.pdf Graphic file (type pdf)
<use appendix/aufgabenblatt-1.pdf, page 2>
Package luatex.def Info: appendix/aufgabenblatt-1.pdf , page2 used on input lin
e 106.
(luatex.def)             Requested size: 597.53416pt x 845.08371pt.


File: appendix/aufgabenblatt-1.pdf Graphic file (type pdf)
<use appendix/aufgabenblatt-1.pdf, page 2>
Package luatex.def Info: appendix/aufgabenblatt-1.pdf , page2 used on input lin
e 106.
(luatex.def)             Requested size: 597.53416pt x 845.08371pt.
[25

<./appendix/aufgabenblatt-1.pdf>]
<appendix/aufgabenblatt-1.2.pdf, id=568, 597.50829pt x 845.04709pt>
File: appendix/aufgabenblatt-1.2.pdf Graphic file (type pdf)
<use appendix/aufgabenblatt-1.2.pdf>
Package luatex.def Info: appendix/aufgabenblatt-1.2.pdf  used on input line 118
.
(luatex.def)             Requested size: 597.50682pt x 845.04503pt.
File: appendix/aufgabenblatt-1.2.pdf Graphic file (type pdf)
<use appendix/aufgabenblatt-1.2.pdf>
Package luatex.def Info: appendix/aufgabenblatt-1.2.pdf  used on input line 118
.
(luatex.def)             Requested size: 597.50682pt x 845.04503pt.
<appendix/aufgabenblatt-1.2.pdf, id=571, page=1, 597.50829pt x 845.04709pt>
File: appendix/aufgabenblatt-1.2.pdf Graphic file (type pdf)
<use appendix/aufgabenblatt-1.2.pdf, page 1>
Package luatex.def Info: appendix/aufgabenblatt-1.2.pdf , page1 used on input l
ine 118.
(luatex.def)             Requested size: 597.50682pt x 845.04503pt.
File: appendix/aufgabenblatt-1.2.pdf Graphic file (type pdf)
<use appendix/aufgabenblatt-1.2.pdf, page 1>
Package luatex.def Info: appendix/aufgabenblatt-1.2.pdf , page1 used on input l
ine 118.
(luatex.def)             Requested size: 597.53416pt x 845.08371pt.
File: appendix/aufgabenblatt-1.2.pdf Graphic file (type pdf)
<use appendix/aufgabenblatt-1.2.pdf, page 1>
Package luatex.def Info: appendix/aufgabenblatt-1.2.pdf , page1 used on input l
ine 118.
(luatex.def)             Requested size: 597.53416pt x 845.08371pt.
File: appendix/aufgabenblatt-1.2.pdf Graphic file (type pdf)
<use appendix/aufgabenblatt-1.2.pdf, page 1>
Package luatex.def Info: appendix/aufgabenblatt-1.2.pdf , page1 used on input l
ine 118.
(luatex.def)             Requested size: 597.53416pt x 845.08371pt.


File: appendix/aufgabenblatt-1.2.pdf Graphic file (type pdf)
<use appendix/aufgabenblatt-1.2.pdf, page 1>
Package luatex.def Info: appendix/aufgabenblatt-1.2.pdf , page1 used on input l
ine 118.
(luatex.def)             Requested size: 597.53416pt x 845.08371pt.
[26

<./appendix/aufgabenblatt-1.2.pdf>]
<appendix/aufgabenblatt-3.pdf, id=633, 597.50829pt x 845.04709pt>
File: appendix/aufgabenblatt-3.pdf Graphic file (type pdf)
<use appendix/aufgabenblatt-3.pdf>
Package luatex.def Info: appendix/aufgabenblatt-3.pdf  used on input line 124.
(luatex.def)             Requested size: 597.50682pt x 845.04503pt.
File: appendix/aufgabenblatt-3.pdf Graphic file (type pdf)
<use appendix/aufgabenblatt-3.pdf>
Package luatex.def Info: appendix/aufgabenblatt-3.pdf  used on input line 124.
(luatex.def)             Requested size: 597.50682pt x 845.04503pt.
<appendix/aufgabenblatt-3.pdf, id=636, page=1, 597.50829pt x 845.04709pt>
File: appendix/aufgabenblatt-3.pdf Graphic file (type pdf)
<use appendix/aufgabenblatt-3.pdf, page 1>
Package luatex.def Info: appendix/aufgabenblatt-3.pdf , page1 used on input lin
e 124.
(luatex.def)             Requested size: 597.50682pt x 845.04503pt.
File: appendix/aufgabenblatt-3.pdf Graphic file (type pdf)
<use appendix/aufgabenblatt-3.pdf, page 1>
Package luatex.def Info: appendix/aufgabenblatt-3.pdf , page1 used on input lin
e 124.
(luatex.def)             Requested size: 597.53416pt x 845.08371pt.
File: appendix/aufgabenblatt-3.pdf Graphic file (type pdf)
<use appendix/aufgabenblatt-3.pdf, page 1>
Package luatex.def Info: appendix/aufgabenblatt-3.pdf , page1 used on input lin
e 124.
(luatex.def)             Requested size: 597.53416pt x 845.08371pt.
File: appendix/aufgabenblatt-3.pdf Graphic file (type pdf)
<use appendix/aufgabenblatt-3.pdf, page 1>
Package luatex.def Info: appendix/aufgabenblatt-3.pdf , page1 used on input lin
e 124.
(luatex.def)             Requested size: 597.53416pt x 845.08371pt.


File: appendix/aufgabenblatt-3.pdf Graphic file (type pdf)
<use appendix/aufgabenblatt-3.pdf, page 1>
Package luatex.def Info: appendix/aufgabenblatt-3.pdf , page1 used on input lin
e 124.
(luatex.def)             Requested size: 597.53416pt x 845.08371pt.
[27

<./appendix/aufgabenblatt-3.pdf>]
File: appendix/aufgabenblatt-3.pdf Graphic file (type pdf)
<use appendix/aufgabenblatt-3.pdf>
Package luatex.def Info: appendix/aufgabenblatt-3.pdf  used on input line 124.
(luatex.def)             Requested size: 597.50682pt x 845.04503pt.
File: appendix/aufgabenblatt-3.pdf Graphic file (type pdf)
<use appendix/aufgabenblatt-3.pdf>
Package luatex.def Info: appendix/aufgabenblatt-3.pdf  used on input line 124.
(luatex.def)             Requested size: 597.50682pt x 845.04503pt.
<appendix/aufgabenblatt-3.pdf, id=699, page=2, 597.50829pt x 845.04709pt>
File: appendix/aufgabenblatt-3.pdf Graphic file (type pdf)
<use appendix/aufgabenblatt-3.pdf, page 2>
Package luatex.def Info: appendix/aufgabenblatt-3.pdf , page2 used on input lin
e 124.
(luatex.def)             Requested size: 597.50682pt x 845.04503pt.
File: appendix/aufgabenblatt-3.pdf Graphic file (type pdf)
<use appendix/aufgabenblatt-3.pdf, page 2>
Package luatex.def Info: appendix/aufgabenblatt-3.pdf , page2 used on input lin
e 124.
(luatex.def)             Requested size: 597.53416pt x 845.08371pt.
File: appendix/aufgabenblatt-3.pdf Graphic file (type pdf)
<use appendix/aufgabenblatt-3.pdf, page 2>
Package luatex.def Info: appendix/aufgabenblatt-3.pdf , page2 used on input lin
e 124.
(luatex.def)             Requested size: 597.53416pt x 845.08371pt.
File: appendix/aufgabenblatt-3.pdf Graphic file (type pdf)
<use appendix/aufgabenblatt-3.pdf, page 2>
Package luatex.def Info: appendix/aufgabenblatt-3.pdf , page2 used on input lin
e 124.
(luatex.def)             Requested size: 597.53416pt x 845.08371pt.


File: appendix/aufgabenblatt-3.pdf Graphic file (type pdf)
<use appendix/aufgabenblatt-3.pdf, page 2>
Package luatex.def Info: appendix/aufgabenblatt-3.pdf , page2 used on input lin
e 124.
(luatex.def)             Requested size: 597.53416pt x 845.08371pt.
[28

<./appendix/aufgabenblatt-3.pdf>]) (./main.aux)
 ***********
LaTeX2e <2024-11-01> patch level 1
L3 programming layer <2024-12-09>
 ***********
Package rerunfilecheck Info: File `main.out' has not changed.
(rerunfilecheck)             Checksum: 8FEDFFA3601D1CDA0710150703439DB6;10302.
)

Here is how much of LuaTeX's memory you used:
 30795 strings out of 475554
 125041,1373583 words of node,token memory allocated
 668 words of node memory still in use:
   7 hlist, 2 vlist, 2 rule, 5 glue, 4 kern, 1 glyph, 40 attribute, 58 glue_spec
, 22 attribute_list, 3 write, 3 pdf_action nodes
   avail lists: 1:1,2:1847,3:668,4:134,5:2768,6:116,7:5963,8:44,9:4561,10:22,11:
582
 52438 multiletter control sequences out of 65536+600000
 124 fonts using 112974511 bytes
 84i,17n,121p,885b,1051s stack positions out of 10000i,1000n,20000p,200000b,200000s
</usr/local/texlive/2024/texmf-dist/fonts/opentype/public/lm/lmmono10-regular.ot
f></usr/share/fonts/truetype/noto/NotoSansSymbols2-Regular.ttf></usr/share/fonts
/opentype/noto/NotoSansCJK-Regular.ttc></usr/share/fonts/opentype/noto/NotoSansC
JK-Regular.ttc></usr/share/fonts/truetype/noto/NotoNaskhArabic-Regular.ttf></usr
/local/texlive/2024/texmf-dist/fonts/opentype/public/lm/lmmono12-regular.otf></u
sr/share/fonts/truetype/noto/NotoSerif-Italic.ttf></usr/share/fonts/truetype/not
o/NotoSerif-Bold.ttf></usr/share/fonts/truetype/noto/NotoSerif-Regular.ttf></usr
/local/texlive/2024/texmf-dist/fonts/type1/public/amsfonts/cm/cmex10.pfb></usr/l
ocal/texlive/2024/texmf-dist/fonts/type1/public/amsfonts/cm/cmmi12.pfb></usr/loc
al/texlive/2024/texmf-dist/fonts/type1/public/amsfonts/cm/cmmi8.pfb></usr/local/
texlive/2024/texmf-dist/fonts/type1/public/amsfonts/cm/cmr12.pfb></usr/local/tex
live/2024/texmf-dist/fonts/type1/public/amsfonts/cm/cmr17.pfb></usr/local/texliv
e/2024/texmf-dist/fonts/type1/public/amsfonts/cm/cmr8.pfb></usr/local/texlive/20
24/texmf-dist/fonts/type1/public/amsfonts/cm/cmsy10.pfb></usr/local/texlive/2024
/texmf-dist/fonts/type1/public/amsfonts/cm/cmsy8.pfb>
Output written on main.pdf (32 pages, 761449 bytes).

PDF statistics: 791 PDF objects out of 1000 (max. 8388607)
 591 compressed objects within 6 object streams
 107 named destinations out of 1000 (max. 131072)
 384 words of extra memory for PDF output out of 10000 (max. 100000000)

