This is pdfTeX, Version 3.141592653-2.6-1.40.25 (TeX Live 2023/Debian) (preloaded format=pdflatex 2025.2.1)  15 JUN 2025 09:10
entering extended mode
 restricted \write18 enabled.
 %&-line parsing enabled.
**kolloqium-18-06-25.tex
(./kolloqium-18-06-25.tex
LaTeX2e <2023-11-01> patch level 1
L3 programming layer <2024-01-22>
(/usr/share/texlive/texmf-dist/tex/latex/base/article.cls
Document Class: article 2023/05/17 v1.4n Standard LaTeX document class
(/usr/share/texlive/texmf-dist/tex/latex/base/size10.clo
File: size10.clo 2023/05/17 v1.4n Standard LaTeX file (size option)
)
\c@part=\count187
\c@section=\count188
\c@subsection=\count189
\c@subsubsection=\count190
\c@paragraph=\count191
\c@subparagraph=\count192
\c@figure=\count193
\c@table=\count194
\abovecaptionskip=\skip48
\belowcaptionskip=\skip49
\bibindent=\dimen140
)
(/usr/share/texlive/texmf-dist/tex/latex/amsmath/amsmath.sty
Package: amsmath 2023/05/13 v2.17o AMS math features
\@mathmargin=\skip50

For additional information on amsmath, use the `?' option.
(/usr/share/texlive/texmf-dist/tex/latex/amsmath/amstext.sty
Package: amstext 2021/08/26 v2.01 AMS text

(/usr/share/texlive/texmf-dist/tex/latex/amsmath/amsgen.sty
File: amsgen.sty 1999/11/30 v2.0 generic functions
\@emptytoks=\toks17
\ex@=\dimen141
))
(/usr/share/texlive/texmf-dist/tex/latex/amsmath/amsbsy.sty
Package: amsbsy 1999/11/29 v1.2d Bold Symbols
\pmbraise@=\dimen142
)
(/usr/share/texlive/texmf-dist/tex/latex/amsmath/amsopn.sty
Package: amsopn 2022/04/08 v2.04 operator names
)
\inf@bad=\count195
LaTeX Info: Redefining \frac on input line 234.
\uproot@=\count196
\leftroot@=\count197
LaTeX Info: Redefining \overline on input line 399.
LaTeX Info: Redefining \colon on input line 410.
\classnum@=\count198
\DOTSCASE@=\count199
LaTeX Info: Redefining \ldots on input line 496.
LaTeX Info: Redefining \dots on input line 499.
LaTeX Info: Redefining \cdots on input line 620.
\Mathstrutbox@=\box51
\strutbox@=\box52
LaTeX Info: Redefining \big on input line 722.
LaTeX Info: Redefining \Big on input line 723.
LaTeX Info: Redefining \bigg on input line 724.
LaTeX Info: Redefining \Bigg on input line 725.
\big@size=\dimen143
LaTeX Font Info:    Redeclaring font encoding OML on input line 743.
LaTeX Font Info:    Redeclaring font encoding OMS on input line 744.
\macc@depth=\count266
LaTeX Info: Redefining \bmod on input line 905.
LaTeX Info: Redefining \pmod on input line 910.
LaTeX Info: Redefining \smash on input line 940.
LaTeX Info: Redefining \relbar on input line 970.
LaTeX Info: Redefining \Relbar on input line 971.
\c@MaxMatrixCols=\count267
\dotsspace@=\muskip16
\c@parentequation=\count268
\dspbrk@lvl=\count269
\tag@help=\toks18
\row@=\count270
\column@=\count271
\maxfields@=\count272
\andhelp@=\toks19
\eqnshift@=\dimen144
\alignsep@=\dimen145
\tagshift@=\dimen146
\tagwidth@=\dimen147
\totwidth@=\dimen148
\lineht@=\dimen149
\@envbody=\toks20
\multlinegap=\skip51
\multlinetaggap=\skip52
\mathdisplay@stack=\toks21
LaTeX Info: Redefining \[ on input line 2953.
LaTeX Info: Redefining \] on input line 2954.
)
(/usr/share/texlive/texmf-dist/tex/latex/amsfonts/amssymb.sty
Package: amssymb 2013/01/14 v3.01 AMS font symbols

(/usr/share/texlive/texmf-dist/tex/latex/amsfonts/amsfonts.sty
Package: amsfonts 2013/01/14 v3.01 Basic AMSFonts support
\symAMSa=\mathgroup4
\symAMSb=\mathgroup5
LaTeX Font Info:    Redeclaring math symbol \hbar on input line 98.
LaTeX Font Info:    Overwriting math alphabet `\mathfrak' in version `bold'
(Font)                  U/euf/m/n --> U/euf/b/n on input line 106.
))
(/usr/share/texlive/texmf-dist/tex/latex/base/fontenc.sty
Package: fontenc 2021/04/29 v2.0v Standard LaTeX package
)
(/usr/share/texlive/texmf-dist/tex/latex/base/inputenc.sty
Package: inputenc 2021/02/14 v1.3d Input encoding file
\inpenc@prehook=\toks22
\inpenc@posthook=\toks23
)
(/usr/share/texlive/texmf-dist/tex/generic/babel/babel.sty
Package: babel 2024/01/07 v24.1 The Babel package
\babel@savecnt=\count273
\U@D=\dimen150
\l@unhyphenated=\language89

(/usr/share/texlive/texmf-dist/tex/generic/babel/txtbabel.def)
\bbl@readstream=\read2
\bbl@dirlevel=\count274

(/usr/share/texlive/texmf-dist/tex/generic/babel-german/german.ldf
Language: german 2024/01/19 v2.14 German support for babel (pre-1996 orthograph
y)

(/usr/share/texlive/texmf-dist/tex/generic/babel-german/germanb.ldf
Language: germanb 2024/01/19 v2.14 German support for babel (pre-1996 orthograp
hy)
Package babel Info: Making " an active character on input line 139.
)))
(/usr/share/texlive/texmf-dist/tex/generic/babel/locale/de/babel-german.tex
Package babel Info: Importing font and identification data for german
(babel)             from babel-de-1901.ini. Reported on input line 25.
)
(/usr/share/texlive/texmf-dist/tex/latex/l3backend/l3backend-pdftex.def
File: l3backend-pdftex.def 2024-01-04 L3 backend support: PDF output (pdfTeX)
\l__color_backend_stack_int=\count275
\l__pdf_internal_box=\box53
)
(./kolloqium-18-06-25.aux)
\openout1 = `kolloqium-18-06-25.aux'.

LaTeX Font Info:    Checking defaults for OML/cmm/m/it on input line 12.
LaTeX Font Info:    ... okay on input line 12.
LaTeX Font Info:    Checking defaults for OMS/cmsy/m/n on input line 12.
LaTeX Font Info:    ... okay on input line 12.
LaTeX Font Info:    Checking defaults for OT1/cmr/m/n on input line 12.
LaTeX Font Info:    ... okay on input line 12.
LaTeX Font Info:    Checking defaults for T1/cmr/m/n on input line 12.
LaTeX Font Info:    ... okay on input line 12.
LaTeX Font Info:    Checking defaults for TS1/cmr/m/n on input line 12.
LaTeX Font Info:    ... okay on input line 12.
LaTeX Font Info:    Checking defaults for OMX/cmex/m/n on input line 12.
LaTeX Font Info:    ... okay on input line 12.
LaTeX Font Info:    Checking defaults for U/cmr/m/n on input line 12.
LaTeX Font Info:    ... okay on input line 12.
LaTeX Font Info:    Trying to load font information for U+msa on input line 16.


(/usr/share/texlive/texmf-dist/tex/latex/amsfonts/umsa.fd
File: umsa.fd 2013/01/14 v3.01 AMS symbols A
)
LaTeX Font Info:    Trying to load font information for U+msb on input line 16.


(/usr/share/texlive/texmf-dist/tex/latex/amsfonts/umsb.fd
File: umsb.fd 2013/01/14 v3.01 AMS symbols B
) [1

{/var/lib/texmf/fonts/map/pdftex/updmap/pdftex.map}{/usr/share/texmf/fonts/enc/
dvips/cm-super/cm-super-t1.enc}]
LaTeX Font Info:    Trying to load font information for T1+cmtt on input line 6
5.
 (/usr/share/texlive/texmf-dist/tex/latex/base/t1cmtt.fd
File: t1cmtt.fd 2023/04/13 v2.5m Standard LaTeX font definitions
)
[2] [3{/usr/share/texmf/fonts/enc/dvips/cm-super/cm-super-ts1.enc}]
Overfull \hbox (7.09032pt too wide) in paragraph at lines 127--128
[]\T1/cmr/bx/n/10 Verschachtelte Schlei-fen: \T1/cmr/m/n/10 mul-ti-pli-zie-re d
ie Schlei-fen-durch-läu-fe (z.B.
 []

[4]
Overfull \hbox (37.05788pt too wide) in paragraph at lines 159--160
[]\T1/cmr/bx/n/10 Polynomiell: \T1/cmr/m/n/10 Sor-tieral-go-rith-men wie \T1/cm
tt/m/n/10 Mergesort \T1/cmr/m/n/10 oder \T1/cmtt/m/n/10 Heapsort \T1/cmr/m/n/10
 ($\OMS/cmsy/m/n/10 O\OT1/cmr/m/n/10 (\OML/cmm/m/it/10 n [] n\OT1/cmr/m/n/10 )$
\T1/cmr/m/n/10 ),
 []


Overfull \hbox (97.29683pt too wide) in paragraph at lines 160--161
[]\T1/cmr/bx/n/10 Exponentiell: \T1/cmr/m/n/10 Brute-Force-Lösungen für das \T1
/cmtt/m/n/10 Rucksackproblem\T1/cmr/m/n/10 , \T1/cmtt/m/n/10 Hamiltonkreis-Prob
lem\T1/cmr/m/n/10 ,
 []

[5]
LaTeX Font Info:    Trying to load font information for TS1+cmtt on input line 
211.
 (/usr/share/texlive/texmf-dist/tex/latex/base/ts1cmtt.fd
File: ts1cmtt.fd 2023/04/13 v2.5m Standard LaTeX font definitions
)
Overfull \hbox (0.47269pt too wide) in paragraph at lines 224--224
[]\T1/cmr/bx/n/12 Alternative Me-tho-de: Tausch mit bit-wei-ser XOR-Operation 
 []

[6] [7] [8]
Overfull \hbox (3.73035pt too wide) in paragraph at lines 293--293
[]\T1/cmr/bx/n/14.4 Frage 17: Was ist der Un-ter-schied zwi-schen Primär-
 []


Overfull \hbox (10.26715pt too wide) in paragraph at lines 296--297
[]\T1/cmr/bx/n/10 Primärschlüssel: \T1/cmr/m/n/10 Ein-deu-ti-ger Iden-ti-fi-ka-
tor für je-den Da-ten-satz (z.B. Schue-
 []

[9]
Overfull \hbox (20.21182pt too wide) in paragraph at lines 323--323
[]\T1/cmr/bx/n/14.4 Frage 23: Wel-che Er-wei-te-run-gen der Da-ten-bankstruk-
 []


Overfull \hbox (1.02332pt too wide) in paragraph at lines 337--337
[]\T1/cmr/bx/n/14.4 Frage 26: Wie un-ter-schei-det sich ei-ne for-ma-le Spra-
 []

[10]
Underfull \hbox (badness 10000) in paragraph at lines 350--351

 []

[11]
Underfull \hbox (badness 10000) in paragraph at lines 401--402

 []

[12]
Overfull \hbox (0.79686pt too wide) in paragraph at lines 430--430
[]\T1/cmr/bx/n/14.4 Frage 31: Sind Pro-gram-mier-spra-chen wie bei-spiels-
 []

[13] (./kolloqium-18-06-25.aux)
 ***********
LaTeX2e <2023-11-01> patch level 1
L3 programming layer <2024-01-22>
 ***********
 )
(\end occurred inside a group at level 1)

### simple group (level 1) entered at line 393 ({)
### bottom level 
Here is how much of TeX's memory you used:
 3184 strings out of 474222
 48737 string characters out of 5748734
 1932975 words of memory out of 5000000
 25418 multiletter control sequences out of 15000+600000
 578190 words of font info for 93 fonts, out of 8000000 for 9000
 1141 hyphenation exceptions out of 8191
 56i,7n,65p,442b,271s stack positions out of 10000i,1000n,20000p,200000b,200000s
</usr/share/texlive/texmf-dist/fonts/type1/public/amsfonts/cm/c
mbx10.pfb></usr/share/texlive/texmf-dist/fonts/type1/public/amsfonts/cm/cmbx12.
pfb></usr/share/texlive/texmf-dist/fonts/type1/public/amsfonts/cm/cmmi10.pfb></
usr/share/texlive/texmf-dist/fonts/type1/public/amsfonts/cm/cmmi7.pfb></usr/sha
re/texlive/texmf-dist/fonts/type1/public/amsfonts/cm/cmmib10.pfb></usr/share/te
xlive/texmf-dist/fonts/type1/public/amsfonts/cmextra/cmmib7.pfb></usr/share/tex
live/texmf-dist/fonts/type1/public/amsfonts/cm/cmr10.pfb></usr/share/texlive/te
xmf-dist/fonts/type1/public/amsfonts/cm/cmr7.pfb></usr/share/texlive/texmf-dist
/fonts/type1/public/amsfonts/cm/cmsy10.pfb></usr/share/texlive/texmf-dist/fonts
/type1/public/amsfonts/cm/cmsy7.pfb></usr/share/texmf/fonts/type1/public/cm-sup
er/sfbx1000.pfb></usr/share/texmf/fonts/type1/public/cm-super/sfbx1200.pfb></us
r/share/texmf/fonts/type1/public/cm-super/sfbx1440.pfb></usr/share/texmf/fonts/
type1/public/cm-super/sfrm1000.pfb></usr/share/texmf/fonts/type1/public/cm-supe
r/sfrm1200.pfb></usr/share/texmf/fonts/type1/public/cm-super/sfrm1728.pfb></usr
/share/texmf/fonts/type1/public/cm-super/sfti1000.pfb></usr/share/texmf/fonts/t
ype1/public/cm-super/sftt1000.pfb>
Output written on kolloqium-18-06-25.pdf (13 pages, 305562 bytes).
PDF statistics:
 145 PDF objects out of 1000 (max. 8388607)
 91 compressed objects within 1 object stream
 0 named destinations out of 1000 (max. 500000)
 1 words of extra memory for PDF output out of 10000 (max. 10000000)

