This is pdfTeX, Version 3.141592653-2.6-1.40.25 (TeX Live 2023/Debian) (preloaded format=pdflatex 2025.2.1)  15 JUN 2025 09:10
entering extended mode
 restricted \write18 enabled.
 %&-line parsing enabled.
**FormaleSparachen-Antworten.tex
(./FormaleSparachen-Antworten.tex
LaTeX2e <2023-11-01> patch level 1
L3 programming layer <2024-01-22>
(/usr/share/texlive/texmf-dist/tex/latex/base/article.cls
Document Class: article 2023/05/17 v1.4n Standard LaTeX document class
(/usr/share/texlive/texmf-dist/tex/latex/base/size12.clo
File: size12.clo 2023/05/17 v1.4n Standard LaTeX file (size option)
)
\c@part=\count187
\c@section=\count188
\c@subsection=\count189
\c@subsubsection=\count190
\c@paragraph=\count191
\c@subparagraph=\count192
\c@figure=\count193
\c@table=\count194
\abovecaptionskip=\skip48
\belowcaptionskip=\skip49
\bibindent=\dimen140
)
(/usr/share/texlive/texmf-dist/tex/latex/amsmath/amsmath.sty
Package: amsmath 2023/05/13 v2.17o AMS math features
\@mathmargin=\skip50

For additional information on amsmath, use the `?' option.
(/usr/share/texlive/texmf-dist/tex/latex/amsmath/amstext.sty
Package: amstext 2021/08/26 v2.01 AMS text

(/usr/share/texlive/texmf-dist/tex/latex/amsmath/amsgen.sty
File: amsgen.sty 1999/11/30 v2.0 generic functions
\@emptytoks=\toks17
\ex@=\dimen141
))
(/usr/share/texlive/texmf-dist/tex/latex/amsmath/amsbsy.sty
Package: amsbsy 1999/11/29 v1.2d Bold Symbols
\pmbraise@=\dimen142
)
(/usr/share/texlive/texmf-dist/tex/latex/amsmath/amsopn.sty
Package: amsopn 2022/04/08 v2.04 operator names
)
\inf@bad=\count195
LaTeX Info: Redefining \frac on input line 234.
\uproot@=\count196
\leftroot@=\count197
LaTeX Info: Redefining \overline on input line 399.
LaTeX Info: Redefining \colon on input line 410.
\classnum@=\count198
\DOTSCASE@=\count199
LaTeX Info: Redefining \ldots on input line 496.
LaTeX Info: Redefining \dots on input line 499.
LaTeX Info: Redefining \cdots on input line 620.
\Mathstrutbox@=\box51
\strutbox@=\box52
LaTeX Info: Redefining \big on input line 722.
LaTeX Info: Redefining \Big on input line 723.
LaTeX Info: Redefining \bigg on input line 724.
LaTeX Info: Redefining \Bigg on input line 725.
\big@size=\dimen143
LaTeX Font Info:    Redeclaring font encoding OML on input line 743.
LaTeX Font Info:    Redeclaring font encoding OMS on input line 744.
\macc@depth=\count266
LaTeX Info: Redefining \bmod on input line 905.
LaTeX Info: Redefining \pmod on input line 910.
LaTeX Info: Redefining \smash on input line 940.
LaTeX Info: Redefining \relbar on input line 970.
LaTeX Info: Redefining \Relbar on input line 971.
\c@MaxMatrixCols=\count267
\dotsspace@=\muskip16
\c@parentequation=\count268
\dspbrk@lvl=\count269
\tag@help=\toks18
\row@=\count270
\column@=\count271
\maxfields@=\count272
\andhelp@=\toks19
\eqnshift@=\dimen144
\alignsep@=\dimen145
\tagshift@=\dimen146
\tagwidth@=\dimen147
\totwidth@=\dimen148
\lineht@=\dimen149
\@envbody=\toks20
\multlinegap=\skip51
\multlinetaggap=\skip52
\mathdisplay@stack=\toks21
LaTeX Info: Redefining \[ on input line 2953.
LaTeX Info: Redefining \] on input line 2954.
)
(/usr/share/texlive/texmf-dist/tex/latex/amsfonts/amssymb.sty
Package: amssymb 2013/01/14 v3.01 AMS font symbols

(/usr/share/texlive/texmf-dist/tex/latex/amsfonts/amsfonts.sty
Package: amsfonts 2013/01/14 v3.01 Basic AMSFonts support
\symAMSa=\mathgroup4
\symAMSb=\mathgroup5
LaTeX Font Info:    Redeclaring math symbol \hbar on input line 98.
LaTeX Font Info:    Overwriting math alphabet `\mathfrak' in version `bold'
(Font)                  U/euf/m/n --> U/euf/b/n on input line 106.
))
(/usr/share/texlive/texmf-dist/tex/latex/enumitem/enumitem.sty
Package: enumitem 2019/06/20 v3.9 Customized lists
\enitkv@toks@=\toks22
\labelindent=\skip53
\enit@outerparindent=\dimen150
\enit@toks=\toks23
\enit@inbox=\box53
\enit@count@id=\count273
\enitdp@description=\count274
)
(/usr/share/texlive/texmf-dist/tex/latex/l3backend/l3backend-pdftex.def
File: l3backend-pdftex.def 2024-01-04 L3 backend support: PDF output (pdfTeX)
\l__color_backend_stack_int=\count275
\l__pdf_internal_box=\box54
)
(./FormaleSparachen-Antworten.aux)
\openout1 = `FormaleSparachen-Antworten.aux'.

LaTeX Font Info:    Checking defaults for OML/cmm/m/it on input line 6.
LaTeX Font Info:    ... okay on input line 6.
LaTeX Font Info:    Checking defaults for OMS/cmsy/m/n on input line 6.
LaTeX Font Info:    ... okay on input line 6.
LaTeX Font Info:    Checking defaults for OT1/cmr/m/n on input line 6.
LaTeX Font Info:    ... okay on input line 6.
LaTeX Font Info:    Checking defaults for T1/cmr/m/n on input line 6.
LaTeX Font Info:    ... okay on input line 6.
LaTeX Font Info:    Checking defaults for TS1/cmr/m/n on input line 6.
LaTeX Font Info:    ... okay on input line 6.
LaTeX Font Info:    Checking defaults for OMX/cmex/m/n on input line 6.
LaTeX Font Info:    ... okay on input line 6.
LaTeX Font Info:    Checking defaults for U/cmr/m/n on input line 6.
LaTeX Font Info:    ... okay on input line 6.
LaTeX Font Info:    Trying to load font information for U+msa on input line 11.


(/usr/share/texlive/texmf-dist/tex/latex/amsfonts/umsa.fd
File: umsa.fd 2013/01/14 v3.01 AMS symbols A
)
LaTeX Font Info:    Trying to load font information for U+msb on input line 11.


(/usr/share/texlive/texmf-dist/tex/latex/amsfonts/umsb.fd
File: umsb.fd 2013/01/14 v3.01 AMS symbols B
)
Overfull \hbox (2.78328pt too wide) in paragraph at lines 29--30
[]\OT1/cmr/m/n/12 Eine \OT1/cmr/bx/n/12 regul^^?are Gram-matik \OT1/cmr/m/n/12 
definiert regul^^?are Sprachen und kann durch
 []

[1

{/var/lib/texmf/fonts/map/pdftex/updmap/pdftex.map}{/usr/share/texmf/fonts/enc/
dvips/cm-super/cm-super-ts1.enc}] [2]
Overfull \hbox (7.02159pt too wide) in paragraph at lines 68--69
\OT1/cmr/m/n/12 mier-sprachen oder math-e-ma-tis-che Ausdr^^?ucke braucht man \
OT1/cmr/bx/n/12 kon-textfreie
 []


Overfull \hbox (7.6225pt too wide) in paragraph at lines 69--69
[][]\OT1/cmr/bx/n/17.28 Sind alle Pro-gram-mier-sprachen kon-textfrei? 
 []


Overfull \hbox (4.13312pt too wide) in paragraph at lines 71--72
\OT1/cmr/m/n/12 Nein, \OT1/cmr/bx/n/12 nicht alle Pro-gram-mier-sprachen sind k
on-textfrei\OT1/cmr/m/n/12 . W^^?ahrend
 []


Overfull \hbox (11.6665pt too wide) in paragraph at lines 71--72
\OT1/cmr/m/n/12 viele As-pekte einer Pro-gram-mier-sprache mit einer \OT1/cmr/b
x/n/12 kon-textfreien Gram-
 []


Overfull \hbox (6.36461pt too wide) in paragraph at lines 74--75
\OT1/cmr/bx/n/12 kon-textfrei \OT1/cmr/m/n/12 und k^^?onnen mit einer kon-textf
reien Gram-matik beschrieben
 []


Overfull \hbox (0.31819pt too wide) in paragraph at lines 90--91
\OT1/cmr/m/n/12 Es gibt Regeln in Pro-gram-mier-sprachen, die sich nicht mit ko
n-textfreien
 []

[3]
Overfull \hbox (27.68529pt too wide) in paragraph at lines 97--98
\OT1/cmr/m/n/12 turierung (\OT1/cmtt/m/n/12 if\OT1/cmr/m/n/12 , \OT1/cmtt/m/n/1
2 while\OT1/cmr/m/n/12 , \OT1/cmtt/m/n/12 def\OT1/cmr/m/n/12 ), was nicht durch
 eine CFG allein ^^?uberpr^^?ufbar
 []


Overfull \hbox (2.35435pt too wide) in paragraph at lines 100--100
[]\OT1/cmr/bx/n/14.4 3. Wie wer-den Pro-gram-mier-sprachen dann geparst? 
 []


Overfull \hbox (11.68266pt too wide) in paragraph at lines 104--105
\OT1/cmr/m/n/12 und \OT1/cmr/bx/n/12 Scope-Checks \OT1/cmr/m/n/12 wer-den durch
 \OT1/cmr/bx/n/12 se-man-tis-che Anal-y-sen \OT1/cmr/m/n/12 erg^^?anzt. 
 []

[4]
Overfull \hbox (14.9829pt too wide) in paragraph at lines 148--149
\OT1/cmr/m/n/12 ste-hende Nicht-ter-mi-nal, w^^?ahrend eine \OT1/cmr/bx/n/12 Re
chtsableitung \OT1/cmr/m/n/12 das am weitesten
 []


Overfull \hbox (4.548pt too wide) in paragraph at lines 155--156
[]\OT1/cmr/m/n/12 Eine Gram-matik ist \OT1/cmr/bx/n/12 mehrdeutig\OT1/cmr/m/n/1
2 , wenn es min-destens zwei ver-schiedene
 []

[5]
Overfull \hbox (10.76251pt too wide) in paragraph at lines 186--187
[]\OT1/cmr/m/n/12 Eine kon-textfreie Sprache kann durch einen nicht-de-ter-min-
is-tis-chen Keller-
 []


Overfull \hbox (0.57928pt too wide) in paragraph at lines 195--196
[]\OT1/cmr/m/n/12 Eine entschei-d-bare Sprache hat ein Ver-fahren, das garantie
rt ter-miniert,
 []

[6] [7] (./FormaleSparachen-Antworten.aux)
 ***********
LaTeX2e <2023-11-01> patch level 1
L3 programming layer <2024-01-22>
 ***********
 ) 
Here is how much of TeX's memory you used:
 2051 strings out of 474222
 29993 string characters out of 5748734
 1931975 words of memory out of 5000000
 24334 multiletter control sequences out of 15000+600000
 567338 words of font info for 72 fonts, out of 8000000 for 9000
 1141 hyphenation exceptions out of 8191
 56i,8n,65p,353b,345s stack positions out of 10000i,1000n,20000p,200000b,200000s
</usr/share/texlive/texmf-dist/fonts/type1/public/amsfonts/cm/cmbx12.pfb></us
r/share/texlive/texmf-dist/fonts/type1/public/amsfonts/cm/cmmi12.pfb></usr/shar
e/texlive/texmf-dist/fonts/type1/public/amsfonts/cm/cmmi8.pfb></usr/share/texli
ve/texmf-dist/fonts/type1/public/amsfonts/cm/cmr12.pfb></usr/share/texlive/texm
f-dist/fonts/type1/public/amsfonts/cm/cmr17.pfb></usr/share/texlive/texmf-dist/
fonts/type1/public/amsfonts/cm/cmsy10.pfb></usr/share/texlive/texmf-dist/fonts/
type1/public/amsfonts/cm/cmtt12.pfb></usr/share/texmf/fonts/type1/public/cm-sup
er/sfrm1200.pfb>
Output written on FormaleSparachen-Antworten.pdf (7 pages, 109703 bytes).
PDF statistics:
 69 PDF objects out of 1000 (max. 8388607)
 43 compressed objects within 1 object stream
 0 named destinations out of 1000 (max. 500000)
 1 words of extra memory for PDF output out of 10000 (max. 10000000)

